<?xml version="1.0" encoding="UTF-8"?>
<testng-results skipped="9" failed="27" ignored="0" total="102" passed="66">
  <reporter-output>
  </reporter-output>
  <suite name="Surefire suite" duration-ms="2841163" started-at="2021-11-08T10:20:32 WAT" finished-at="2021-11-08T11:07:54 WAT">
    <groups>
    </groups>
    <test name="Surefire test" duration-ms="2841163" started-at="2021-11-08T10:20:32 WAT" finished-at="2021-11-08T11:07:54 WAT">
      <class name="com.fbistech.testcases.CoursesPageTest">
        <test-method status="PASS" signature="setUp()[pri:0, instance:com.fbistech.testcases.CoursesPageTest@6321e813]" name="setUp" is-config="true" duration-ms="10784" started-at="2021-11-08T10:20:33 WAT" finished-at="2021-11-08T10:20:43 WAT">
          <reporter-output>
          </reporter-output>
        </test-method> <!-- setUp -->
        <test-method status="FAIL" signature="verifyUserCanClickCoursesLink()[pri:2, instance:com.fbistech.testcases.CoursesPageTest@6321e813]" name="verifyUserCanClickCoursesLink" duration-ms="10037" started-at="2021-11-08T10:20:43 WAT" finished-at="2021-11-08T10:20:53 WAT">
          <exception class="org.openqa.selenium.NoSuchElementException">
            <message>
              <![CDATA[no such element: Unable to locate element: {"method":"xpath","selector":"//a[@class='ant-dropdown-trigger ant-dropdown-link']"}
  (Session info: chrome=95.0.4638.69)
For documentation on this error, please visit: https://www.seleniumhq.org/exceptions/no_such_element.html
Build info: version: '3.141.59', revision: 'e82be7d358', time: '2018-11-14T08:17:03'
System info: host: 'Josephs-MacBoo.local', ip: 'fd00:0:0:1:78f3:817:ce4d:13ab%en0', os.name: 'Mac OS X', os.arch: 'x86_64', os.version: '10.15.7', java.version: '1.8.0_301'
Driver info: org.openqa.selenium.chrome.ChromeDriver
Capabilities {acceptInsecureCerts: false, browserName: chrome, browserVersion: 95.0.4638.69, chrome: {chromedriverVersion: 95.0.4638.54 (d31a821ec901f..., userDataDir: /var/folders/j4/j04gn4bj1dl...}, goog:chromeOptions: {debuggerAddress: localhost:58537}, javascriptEnabled: true, networkConnectionEnabled: false, pageLoadStrategy: normal, platform: MAC, platformName: MAC, proxy: Proxy(), setWindowRect: true, strictFileInteractability: false, timeouts: {implicit: 0, pageLoad: 300000, script: 30000}, unhandledPromptBehavior: dismiss and notify, webauthn:extension:credBlob: true, webauthn:extension:largeBlob: true, webauthn:virtualAuthenticators: true}
Session ID: 31e8344b57320db40910b0eda6e7cc1d
*** Element info: {Using=xpath, value=//a[@class='ant-dropdown-trigger ant-dropdown-link']}]]>
            </message>
            <full-stacktrace>
              <![CDATA[org.openqa.selenium.NoSuchElementException: no such element: Unable to locate element: {"method":"xpath","selector":"//a[@class='ant-dropdown-trigger ant-dropdown-link']"}
  (Session info: chrome=95.0.4638.69)
For documentation on this error, please visit: https://www.seleniumhq.org/exceptions/no_such_element.html
Build info: version: '3.141.59', revision: 'e82be7d358', time: '2018-11-14T08:17:03'
System info: host: 'Josephs-MacBoo.local', ip: 'fd00:0:0:1:78f3:817:ce4d:13ab%en0', os.name: 'Mac OS X', os.arch: 'x86_64', os.version: '10.15.7', java.version: '1.8.0_301'
Driver info: org.openqa.selenium.chrome.ChromeDriver
Capabilities {acceptInsecureCerts: false, browserName: chrome, browserVersion: 95.0.4638.69, chrome: {chromedriverVersion: 95.0.4638.54 (d31a821ec901f..., userDataDir: /var/folders/j4/j04gn4bj1dl...}, goog:chromeOptions: {debuggerAddress: localhost:58537}, javascriptEnabled: true, networkConnectionEnabled: false, pageLoadStrategy: normal, platform: MAC, platformName: MAC, proxy: Proxy(), setWindowRect: true, strictFileInteractability: false, timeouts: {implicit: 0, pageLoad: 300000, script: 30000}, unhandledPromptBehavior: dismiss and notify, webauthn:extension:credBlob: true, webauthn:extension:largeBlob: true, webauthn:virtualAuthenticators: true}
Session ID: 31e8344b57320db40910b0eda6e7cc1d
*** Element info: {Using=xpath, value=//a[@class='ant-dropdown-trigger ant-dropdown-link']}
at sun.reflect.NativeConstructorAccessorImpl.newInstance0(Native Method)
at sun.reflect.NativeConstructorAccessorImpl.newInstance(NativeConstructorAccessorImpl.java:62)
at sun.reflect.DelegatingConstructorAccessorImpl.newInstance(DelegatingConstructorAccessorImpl.java:45)
at java.lang.reflect.Constructor.newInstance(Constructor.java:423)
at org.openqa.selenium.remote.http.W3CHttpResponseCodec.createException(W3CHttpResponseCodec.java:187)
at org.openqa.selenium.remote.http.W3CHttpResponseCodec.decode(W3CHttpResponseCodec.java:122)
at org.openqa.selenium.remote.http.W3CHttpResponseCodec.decode(W3CHttpResponseCodec.java:49)
at org.openqa.selenium.remote.HttpCommandExecutor.execute(HttpCommandExecutor.java:158)
at org.openqa.selenium.remote.service.DriverCommandExecutor.execute(DriverCommandExecutor.java:83)
at org.openqa.selenium.remote.RemoteWebDriver.execute(RemoteWebDriver.java:552)
at org.openqa.selenium.remote.RemoteWebDriver.findElement(RemoteWebDriver.java:323)
at org.openqa.selenium.remote.RemoteWebDriver.findElementByXPath(RemoteWebDriver.java:428)
at org.openqa.selenium.By$ByXPath.findElement(By.java:353)
at org.openqa.selenium.remote.RemoteWebDriver.findElement(RemoteWebDriver.java:315)
at sun.reflect.NativeMethodAccessorImpl.invoke0(Native Method)
at sun.reflect.NativeMethodAccessorImpl.invoke(NativeMethodAccessorImpl.java:62)
at sun.reflect.DelegatingMethodAccessorImpl.invoke(DelegatingMethodAccessorImpl.java:43)
at java.lang.reflect.Method.invoke(Method.java:498)
at org.openqa.selenium.support.events.EventFiringWebDriver.lambda$new$1(EventFiringWebDriver.java:105)
at com.sun.proxy.$Proxy6.findElement(Unknown Source)
at org.openqa.selenium.support.events.EventFiringWebDriver.findElement(EventFiringWebDriver.java:194)
at org.openqa.selenium.support.pagefactory.DefaultElementLocator.findElement(DefaultElementLocator.java:69)
at org.openqa.selenium.support.pagefactory.internal.LocatingElementHandler.invoke(LocatingElementHandler.java:38)
at com.sun.proxy.$Proxy11.click(Unknown Source)
at com.fbistech.pages.CoursesPage.clickOnCoursesLink(CoursesPage.java:33)
at com.fbistech.testcases.CoursesPageTest.verifyUserCanClickCoursesLink(CoursesPageTest.java:40)
at sun.reflect.NativeMethodAccessorImpl.invoke0(Native Method)
at sun.reflect.NativeMethodAccessorImpl.invoke(NativeMethodAccessorImpl.java:62)
at sun.reflect.DelegatingMethodAccessorImpl.invoke(DelegatingMethodAccessorImpl.java:43)
at java.lang.reflect.Method.invoke(Method.java:498)
at org.testng.internal.MethodInvocationHelper.invokeMethod(MethodInvocationHelper.java:133)
at org.testng.internal.TestInvoker.invokeMethod(TestInvoker.java:598)
at org.testng.internal.TestInvoker.invokeTestMethod(TestInvoker.java:173)
at org.testng.internal.MethodRunner.runInSequence(MethodRunner.java:46)
at org.testng.internal.TestInvoker$MethodInvocationAgent.invoke(TestInvoker.java:824)
at org.testng.internal.TestInvoker.invokeTestMethods(TestInvoker.java:146)
at org.testng.internal.TestMethodWorker.invokeTestMethods(TestMethodWorker.java:146)
at org.testng.internal.TestMethodWorker.run(TestMethodWorker.java:128)
at java.util.ArrayList.forEach(ArrayList.java:1259)
at org.testng.TestRunner.privateRun(TestRunner.java:794)
at org.testng.TestRunner.run(TestRunner.java:596)
at org.testng.SuiteRunner.runTest(SuiteRunner.java:377)
at org.testng.SuiteRunner.runSequentially(SuiteRunner.java:371)
at org.testng.SuiteRunner.privateRun(SuiteRunner.java:332)
at org.testng.SuiteRunner.run(SuiteRunner.java:276)
at org.testng.SuiteRunnerWorker.runSuite(SuiteRunnerWorker.java:53)
at org.testng.SuiteRunnerWorker.run(SuiteRunnerWorker.java:96)
at org.testng.TestNG.runSuitesSequentially(TestNG.java:1212)
at org.testng.TestNG.runSuitesLocally(TestNG.java:1134)
at org.testng.TestNG.runSuites(TestNG.java:1063)
at org.testng.TestNG.run(TestNG.java:1031)
at org.apache.maven.surefire.testng.TestNGExecutor.run(TestNGExecutor.java:132)
at org.apache.maven.surefire.testng.TestNGDirectoryTestSuite.executeMulti(TestNGDirectoryTestSuite.java:193)
at org.apache.maven.surefire.testng.TestNGDirectoryTestSuite.execute(TestNGDirectoryTestSuite.java:94)
at org.apache.maven.surefire.testng.TestNGProvider.invoke(TestNGProvider.java:147)
at org.apache.maven.surefire.booter.ForkedBooter.invokeProviderInSameClassLoader(ForkedBooter.java:290)
at org.apache.maven.surefire.booter.ForkedBooter.runSuitesInProcess(ForkedBooter.java:242)
at org.apache.maven.surefire.booter.ForkedBooter.main(ForkedBooter.java:121)
]]>
            </full-stacktrace>
          </exception> <!-- org.openqa.selenium.NoSuchElementException -->
          <reporter-output>
          </reporter-output>
        </test-method> <!-- verifyUserCanClickCoursesLink -->
        <test-method status="PASS" signature="tearDown()[pri:0, instance:com.fbistech.testcases.CoursesPageTest@6321e813]" name="tearDown" is-config="true" duration-ms="7173" started-at="2021-11-08T10:20:53 WAT" finished-at="2021-11-08T10:21:01 WAT">
          <reporter-output>
          </reporter-output>
        </test-method> <!-- tearDown -->
      </class> <!-- com.fbistech.testcases.CoursesPageTest -->
      <class name="com.fbistech.testcases.SubscribePageTest">
        <test-method status="PASS" signature="setUp()[pri:0, instance:com.fbistech.testcases.SubscribePageTest@6acdbdf5]" name="setUp" is-config="true" duration-ms="6733" started-at="2021-11-08T11:07:30 WAT" finished-at="2021-11-08T11:07:36 WAT">
          <reporter-output>
          </reporter-output>
        </test-method> <!-- setUp -->
        <test-method status="FAIL" signature="verifyUserCanClickSubscribeLink()[pri:2, instance:com.fbistech.testcases.SubscribePageTest@6acdbdf5]" name="verifyUserCanClickSubscribeLink" duration-ms="10038" started-at="2021-11-08T11:07:36 WAT" finished-at="2021-11-08T11:07:47 WAT">
          <exception class="org.openqa.selenium.NoSuchElementException">
            <message>
              <![CDATA[no such element: Unable to locate element: {"method":"xpath","selector":"//a[contains(text(),'Subscribe')]"}
  (Session info: chrome=95.0.4638.69)
For documentation on this error, please visit: https://www.seleniumhq.org/exceptions/no_such_element.html
Build info: version: '3.141.59', revision: 'e82be7d358', time: '2018-11-14T08:17:03'
System info: host: 'Josephs-MacBoo.local', ip: 'fd00:0:0:1:78f3:817:ce4d:13ab%en0', os.name: 'Mac OS X', os.arch: 'x86_64', os.version: '10.15.7', java.version: '1.8.0_301'
Driver info: org.openqa.selenium.chrome.ChromeDriver
Capabilities {acceptInsecureCerts: false, browserName: chrome, browserVersion: 95.0.4638.69, chrome: {chromedriverVersion: 95.0.4638.54 (d31a821ec901f..., userDataDir: /var/folders/j4/j04gn4bj1dl...}, goog:chromeOptions: {debuggerAddress: localhost:61363}, javascriptEnabled: true, networkConnectionEnabled: false, pageLoadStrategy: normal, platform: MAC, platformName: MAC, proxy: Proxy(), setWindowRect: true, strictFileInteractability: false, timeouts: {implicit: 0, pageLoad: 300000, script: 30000}, unhandledPromptBehavior: dismiss and notify, webauthn:extension:credBlob: true, webauthn:extension:largeBlob: true, webauthn:virtualAuthenticators: true}
Session ID: 29cc278a4ef664d08d73a47ab9dd5f6d
*** Element info: {Using=xpath, value=//a[contains(text(),'Subscribe')]}]]>
            </message>
            <full-stacktrace>
              <![CDATA[org.openqa.selenium.NoSuchElementException: no such element: Unable to locate element: {"method":"xpath","selector":"//a[contains(text(),'Subscribe')]"}
  (Session info: chrome=95.0.4638.69)
For documentation on this error, please visit: https://www.seleniumhq.org/exceptions/no_such_element.html
Build info: version: '3.141.59', revision: 'e82be7d358', time: '2018-11-14T08:17:03'
System info: host: 'Josephs-MacBoo.local', ip: 'fd00:0:0:1:78f3:817:ce4d:13ab%en0', os.name: 'Mac OS X', os.arch: 'x86_64', os.version: '10.15.7', java.version: '1.8.0_301'
Driver info: org.openqa.selenium.chrome.ChromeDriver
Capabilities {acceptInsecureCerts: false, browserName: chrome, browserVersion: 95.0.4638.69, chrome: {chromedriverVersion: 95.0.4638.54 (d31a821ec901f..., userDataDir: /var/folders/j4/j04gn4bj1dl...}, goog:chromeOptions: {debuggerAddress: localhost:61363}, javascriptEnabled: true, networkConnectionEnabled: false, pageLoadStrategy: normal, platform: MAC, platformName: MAC, proxy: Proxy(), setWindowRect: true, strictFileInteractability: false, timeouts: {implicit: 0, pageLoad: 300000, script: 30000}, unhandledPromptBehavior: dismiss and notify, webauthn:extension:credBlob: true, webauthn:extension:largeBlob: true, webauthn:virtualAuthenticators: true}
Session ID: 29cc278a4ef664d08d73a47ab9dd5f6d
*** Element info: {Using=xpath, value=//a[contains(text(),'Subscribe')]}
at sun.reflect.GeneratedConstructorAccessor25.newInstance(Unknown Source)
at sun.reflect.DelegatingConstructorAccessorImpl.newInstance(DelegatingConstructorAccessorImpl.java:45)
at java.lang.reflect.Constructor.newInstance(Constructor.java:423)
at org.openqa.selenium.remote.http.W3CHttpResponseCodec.createException(W3CHttpResponseCodec.java:187)
at org.openqa.selenium.remote.http.W3CHttpResponseCodec.decode(W3CHttpResponseCodec.java:122)
at org.openqa.selenium.remote.http.W3CHttpResponseCodec.decode(W3CHttpResponseCodec.java:49)
at org.openqa.selenium.remote.HttpCommandExecutor.execute(HttpCommandExecutor.java:158)
at org.openqa.selenium.remote.service.DriverCommandExecutor.execute(DriverCommandExecutor.java:83)
at org.openqa.selenium.remote.RemoteWebDriver.execute(RemoteWebDriver.java:552)
at org.openqa.selenium.remote.RemoteWebDriver.findElement(RemoteWebDriver.java:323)
at org.openqa.selenium.remote.RemoteWebDriver.findElementByXPath(RemoteWebDriver.java:428)
at org.openqa.selenium.By$ByXPath.findElement(By.java:353)
at org.openqa.selenium.remote.RemoteWebDriver.findElement(RemoteWebDriver.java:315)
at sun.reflect.GeneratedMethodAccessor3.invoke(Unknown Source)
at sun.reflect.DelegatingMethodAccessorImpl.invoke(DelegatingMethodAccessorImpl.java:43)
at java.lang.reflect.Method.invoke(Method.java:498)
at org.openqa.selenium.support.events.EventFiringWebDriver.lambda$new$1(EventFiringWebDriver.java:105)
at com.sun.proxy.$Proxy6.findElement(Unknown Source)
at org.openqa.selenium.support.events.EventFiringWebDriver.findElement(EventFiringWebDriver.java:194)
at org.openqa.selenium.support.pagefactory.DefaultElementLocator.findElement(DefaultElementLocator.java:69)
at org.openqa.selenium.support.pagefactory.internal.LocatingElementHandler.invoke(LocatingElementHandler.java:38)
at com.sun.proxy.$Proxy11.click(Unknown Source)
at com.fbistech.pages.SubscribePage.clickOnSubscribeLink(SubscribePage.java:34)
at com.fbistech.testcases.SubscribePageTest.verifyUserCanClickSubscribeLink(SubscribePageTest.java:41)
at sun.reflect.NativeMethodAccessorImpl.invoke0(Native Method)
at sun.reflect.NativeMethodAccessorImpl.invoke(NativeMethodAccessorImpl.java:62)
at sun.reflect.DelegatingMethodAccessorImpl.invoke(DelegatingMethodAccessorImpl.java:43)
at java.lang.reflect.Method.invoke(Method.java:498)
at org.testng.internal.MethodInvocationHelper.invokeMethod(MethodInvocationHelper.java:133)
at org.testng.internal.TestInvoker.invokeMethod(TestInvoker.java:598)
at org.testng.internal.TestInvoker.invokeTestMethod(TestInvoker.java:173)
at org.testng.internal.MethodRunner.runInSequence(MethodRunner.java:46)
at org.testng.internal.TestInvoker$MethodInvocationAgent.invoke(TestInvoker.java:824)
at org.testng.internal.TestInvoker.invokeTestMethods(TestInvoker.java:146)
at org.testng.internal.TestMethodWorker.invokeTestMethods(TestMethodWorker.java:146)
at org.testng.internal.TestMethodWorker.run(TestMethodWorker.java:128)
at java.util.ArrayList.forEach(ArrayList.java:1259)
at org.testng.TestRunner.privateRun(TestRunner.java:794)
at org.testng.TestRunner.run(TestRunner.java:596)
at org.testng.SuiteRunner.runTest(SuiteRunner.java:377)
at org.testng.SuiteRunner.runSequentially(SuiteRunner.java:371)
at org.testng.SuiteRunner.privateRun(SuiteRunner.java:332)
at org.testng.SuiteRunner.run(SuiteRunner.java:276)
at org.testng.SuiteRunnerWorker.runSuite(SuiteRunnerWorker.java:53)
at org.testng.SuiteRunnerWorker.run(SuiteRunnerWorker.java:96)
at org.testng.TestNG.runSuitesSequentially(TestNG.java:1212)
at org.testng.TestNG.runSuitesLocally(TestNG.java:1134)
at org.testng.TestNG.runSuites(TestNG.java:1063)
at org.testng.TestNG.run(TestNG.java:1031)
at org.apache.maven.surefire.testng.TestNGExecutor.run(TestNGExecutor.java:132)
at org.apache.maven.surefire.testng.TestNGDirectoryTestSuite.executeMulti(TestNGDirectoryTestSuite.java:193)
at org.apache.maven.surefire.testng.TestNGDirectoryTestSuite.execute(TestNGDirectoryTestSuite.java:94)
at org.apache.maven.surefire.testng.TestNGProvider.invoke(TestNGProvider.java:147)
at org.apache.maven.surefire.booter.ForkedBooter.invokeProviderInSameClassLoader(ForkedBooter.java:290)
at org.apache.maven.surefire.booter.ForkedBooter.runSuitesInProcess(ForkedBooter.java:242)
at org.apache.maven.surefire.booter.ForkedBooter.main(ForkedBooter.java:121)
]]>
            </full-stacktrace>
          </exception> <!-- org.openqa.selenium.NoSuchElementException -->
          <reporter-output>
          </reporter-output>
        </test-method> <!-- verifyUserCanClickSubscribeLink -->
        <test-method status="PASS" signature="tearDown()[pri:0, instance:com.fbistech.testcases.SubscribePageTest@6acdbdf5]" name="tearDown" is-config="true" duration-ms="7095" started-at="2021-11-08T11:07:47 WAT" finished-at="2021-11-08T11:07:54 WAT">
          <reporter-output>
          </reporter-output>
        </test-method> <!-- tearDown -->
      </class> <!-- com.fbistech.testcases.SubscribePageTest -->
      <class name="com.fbistech.testcases.LoginPageTest">
        <test-method status="PASS" signature="setUp()[pri:0, instance:com.fbistech.testcases.LoginPageTest@74650e52]" name="setUp" is-config="true" duration-ms="3663" started-at="2021-11-08T10:58:28 WAT" finished-at="2021-11-08T10:58:32 WAT">
          <reporter-output>
          </reporter-output>
        </test-method> <!-- setUp -->
        <test-method status="PASS" signature="verifyUserCanClickOnLoginLink()[pri:1, instance:com.fbistech.testcases.LoginPageTest@74650e52]" name="verifyUserCanClickOnLoginLink" duration-ms="7130" started-at="2021-11-08T10:58:32 WAT" finished-at="2021-11-08T10:58:39 WAT">
          <reporter-output>
          </reporter-output>
        </test-method> <!-- verifyUserCanClickOnLoginLink -->
        <test-method status="PASS" signature="tearDown()[pri:0, instance:com.fbistech.testcases.LoginPageTest@74650e52]" name="tearDown" is-config="true" duration-ms="6105" started-at="2021-11-08T10:58:39 WAT" finished-at="2021-11-08T10:58:45 WAT">
          <reporter-output>
          </reporter-output>
        </test-method> <!-- tearDown -->
        <test-method status="PASS" signature="setUp()[pri:0, instance:com.fbistech.testcases.LoginPageTest@74650e52]" name="setUp" is-config="true" duration-ms="13666" started-at="2021-11-08T10:58:45 WAT" finished-at="2021-11-08T10:58:59 WAT">
          <reporter-output>
          </reporter-output>
        </test-method> <!-- setUp -->
        <test-method status="PASS" signature="verifyUserCanLoginWith_ValideCredentials()[pri:2, instance:com.fbistech.testcases.LoginPageTest@74650e52]" name="verifyUserCanLoginWith_ValideCredentials" duration-ms="35639" started-at="2021-11-08T10:58:59 WAT" finished-at="2021-11-08T10:59:34 WAT">
          <reporter-output>
          </reporter-output>
        </test-method> <!-- verifyUserCanLoginWith_ValideCredentials -->
        <test-method status="PASS" signature="tearDown()[pri:0, instance:com.fbistech.testcases.LoginPageTest@74650e52]" name="tearDown" is-config="true" duration-ms="6119" started-at="2021-11-08T10:59:34 WAT" finished-at="2021-11-08T10:59:40 WAT">
          <reporter-output>
          </reporter-output>
        </test-method> <!-- tearDown -->
        <test-method status="PASS" signature="setUp()[pri:0, instance:com.fbistech.testcases.LoginPageTest@74650e52]" name="setUp" is-config="true" duration-ms="5118" started-at="2021-11-08T10:59:40 WAT" finished-at="2021-11-08T10:59:45 WAT">
          <reporter-output>
          </reporter-output>
        </test-method> <!-- setUp -->
        <test-method status="PASS" signature="verifyUserCannotLoginWith_InvalideCredentials()[pri:3, instance:com.fbistech.testcases.LoginPageTest@74650e52]" name="verifyUserCannotLoginWith_InvalideCredentials" duration-ms="16918" started-at="2021-11-08T10:59:45 WAT" finished-at="2021-11-08T11:00:02 WAT">
          <reporter-output>
          </reporter-output>
        </test-method> <!-- verifyUserCannotLoginWith_InvalideCredentials -->
        <test-method status="PASS" signature="tearDown()[pri:0, instance:com.fbistech.testcases.LoginPageTest@74650e52]" name="tearDown" is-config="true" duration-ms="6100" started-at="2021-11-08T11:00:02 WAT" finished-at="2021-11-08T11:00:08 WAT">
          <reporter-output>
          </reporter-output>
        </test-method> <!-- tearDown -->
        <test-method status="PASS" signature="setUp()[pri:0, instance:com.fbistech.testcases.LoginPageTest@74650e52]" name="setUp" is-config="true" duration-ms="4371" started-at="2021-11-08T11:00:08 WAT" finished-at="2021-11-08T11:00:13 WAT">
          <reporter-output>
          </reporter-output>
        </test-method> <!-- setUp -->
        <test-method status="PASS" signature="verifyUserCannotLoginWith_ValidEmail_InvalidPassword()[pri:4, instance:com.fbistech.testcases.LoginPageTest@74650e52]" name="verifyUserCannotLoginWith_ValidEmail_InvalidPassword" duration-ms="25585" started-at="2021-11-08T11:00:13 WAT" finished-at="2021-11-08T11:00:38 WAT">
          <reporter-output>
          </reporter-output>
        </test-method> <!-- verifyUserCannotLoginWith_ValidEmail_InvalidPassword -->
        <test-method status="PASS" signature="tearDown()[pri:0, instance:com.fbistech.testcases.LoginPageTest@74650e52]" name="tearDown" is-config="true" duration-ms="6108" started-at="2021-11-08T11:00:38 WAT" finished-at="2021-11-08T11:00:44 WAT">
          <reporter-output>
          </reporter-output>
        </test-method> <!-- tearDown -->
        <test-method status="PASS" signature="setUp()[pri:0, instance:com.fbistech.testcases.LoginPageTest@74650e52]" name="setUp" is-config="true" duration-ms="6319" started-at="2021-11-08T11:00:44 WAT" finished-at="2021-11-08T11:00:51 WAT">
          <reporter-output>
          </reporter-output>
        </test-method> <!-- setUp -->
        <test-method status="PASS" signature="verifyUserCannotLoginWith_InvalidEmail_ValidPassword()[pri:5, instance:com.fbistech.testcases.LoginPageTest@74650e52]" name="verifyUserCannotLoginWith_InvalidEmail_ValidPassword" duration-ms="23039" started-at="2021-11-08T11:00:51 WAT" finished-at="2021-11-08T11:01:14 WAT">
          <reporter-output>
          </reporter-output>
        </test-method> <!-- verifyUserCannotLoginWith_InvalidEmail_ValidPassword -->
        <test-method status="PASS" signature="tearDown()[pri:0, instance:com.fbistech.testcases.LoginPageTest@74650e52]" name="tearDown" is-config="true" duration-ms="6112" started-at="2021-11-08T11:01:14 WAT" finished-at="2021-11-08T11:01:20 WAT">
          <reporter-output>
          </reporter-output>
        </test-method> <!-- tearDown -->
        <test-method status="PASS" signature="setUp()[pri:0, instance:com.fbistech.testcases.LoginPageTest@74650e52]" name="setUp" is-config="true" duration-ms="3468" started-at="2021-11-08T11:01:20 WAT" finished-at="2021-11-08T11:01:23 WAT">
          <reporter-output>
          </reporter-output>
        </test-method> <!-- setUp -->
        <test-method status="PASS" signature="verifyUserCannotLoginWith_EmailWithoutDomaName_AndValidPassword()[pri:6, instance:com.fbistech.testcases.LoginPageTest@74650e52]" name="verifyUserCannotLoginWith_EmailWithoutDomaName_AndValidPassword" duration-ms="20824" started-at="2021-11-08T11:01:23 WAT" finished-at="2021-11-08T11:01:44 WAT">
          <reporter-output>
          </reporter-output>
        </test-method> <!-- verifyUserCannotLoginWith_EmailWithoutDomaName_AndValidPassword -->
        <test-method status="PASS" signature="tearDown()[pri:0, instance:com.fbistech.testcases.LoginPageTest@74650e52]" name="tearDown" is-config="true" duration-ms="6117" started-at="2021-11-08T11:01:44 WAT" finished-at="2021-11-08T11:01:50 WAT">
          <reporter-output>
          </reporter-output>
        </test-method> <!-- tearDown -->
        <test-method status="PASS" signature="setUp()[pri:0, instance:com.fbistech.testcases.LoginPageTest@74650e52]" name="setUp" is-config="true" duration-ms="14445" started-at="2021-11-08T11:01:50 WAT" finished-at="2021-11-08T11:02:05 WAT">
          <reporter-output>
          </reporter-output>
        </test-method> <!-- setUp -->
        <test-method status="PASS" signature="verifyUserCannotLoginWith_EmptyEmail_AndValidPassword()[pri:7, instance:com.fbistech.testcases.LoginPageTest@74650e52]" name="verifyUserCannotLoginWith_EmptyEmail_AndValidPassword" duration-ms="20382" started-at="2021-11-08T11:02:05 WAT" finished-at="2021-11-08T11:02:25 WAT">
          <reporter-output>
          </reporter-output>
        </test-method> <!-- verifyUserCannotLoginWith_EmptyEmail_AndValidPassword -->
        <test-method status="PASS" signature="tearDown()[pri:0, instance:com.fbistech.testcases.LoginPageTest@74650e52]" name="tearDown" is-config="true" duration-ms="6115" started-at="2021-11-08T11:02:25 WAT" finished-at="2021-11-08T11:02:31 WAT">
          <reporter-output>
          </reporter-output>
        </test-method> <!-- tearDown -->
        <test-method status="PASS" signature="setUp()[pri:0, instance:com.fbistech.testcases.LoginPageTest@74650e52]" name="setUp" is-config="true" duration-ms="12390" started-at="2021-11-08T11:02:31 WAT" finished-at="2021-11-08T11:02:44 WAT">
          <reporter-output>
          </reporter-output>
        </test-method> <!-- setUp -->
        <test-method status="PASS" signature="verifyUserCannotLoginWith_ValidEmail_EmptyPassword()[pri:8, instance:com.fbistech.testcases.LoginPageTest@74650e52]" name="verifyUserCannotLoginWith_ValidEmail_EmptyPassword" duration-ms="22269" started-at="2021-11-08T11:02:44 WAT" finished-at="2021-11-08T11:03:06 WAT">
          <reporter-output>
          </reporter-output>
        </test-method> <!-- verifyUserCannotLoginWith_ValidEmail_EmptyPassword -->
        <test-method status="PASS" signature="tearDown()[pri:0, instance:com.fbistech.testcases.LoginPageTest@74650e52]" name="tearDown" is-config="true" duration-ms="6121" started-at="2021-11-08T11:03:06 WAT" finished-at="2021-11-08T11:03:12 WAT">
          <reporter-output>
          </reporter-output>
        </test-method> <!-- tearDown -->
        <test-method status="PASS" signature="setUp()[pri:0, instance:com.fbistech.testcases.LoginPageTest@74650e52]" name="setUp" is-config="true" duration-ms="3862" started-at="2021-11-08T11:03:12 WAT" finished-at="2021-11-08T11:03:16 WAT">
          <reporter-output>
          </reporter-output>
        </test-method> <!-- setUp -->
        <test-method status="PASS" signature="verifyUserCannotLoginWith_PasswordLessThan6DigitsCharacters()[pri:9, instance:com.fbistech.testcases.LoginPageTest@74650e52]" name="verifyUserCannotLoginWith_PasswordLessThan6DigitsCharacters" duration-ms="15729" started-at="2021-11-08T11:03:16 WAT" finished-at="2021-11-08T11:03:32 WAT">
          <reporter-output>
          </reporter-output>
        </test-method> <!-- verifyUserCannotLoginWith_PasswordLessThan6DigitsCharacters -->
        <test-method status="PASS" signature="tearDown()[pri:0, instance:com.fbistech.testcases.LoginPageTest@74650e52]" name="tearDown" is-config="true" duration-ms="6107" started-at="2021-11-08T11:03:32 WAT" finished-at="2021-11-08T11:03:38 WAT">
          <reporter-output>
          </reporter-output>
        </test-method> <!-- tearDown -->
        <test-method status="PASS" signature="setUp()[pri:0, instance:com.fbistech.testcases.LoginPageTest@74650e52]" name="setUp" is-config="true" duration-ms="4187" started-at="2021-11-08T11:03:38 WAT" finished-at="2021-11-08T11:03:42 WAT">
          <reporter-output>
          </reporter-output>
        </test-method> <!-- setUp -->
        <test-method status="PASS" signature="verifyUserCanClickForgotPasswordLink()[pri:10, instance:com.fbistech.testcases.LoginPageTest@74650e52]" name="verifyUserCanClickForgotPasswordLink" duration-ms="6217" started-at="2021-11-08T11:03:42 WAT" finished-at="2021-11-08T11:03:48 WAT">
          <reporter-output>
          </reporter-output>
        </test-method> <!-- verifyUserCanClickForgotPasswordLink -->
        <test-method status="PASS" signature="tearDown()[pri:0, instance:com.fbistech.testcases.LoginPageTest@74650e52]" name="tearDown" is-config="true" duration-ms="6113" started-at="2021-11-08T11:03:48 WAT" finished-at="2021-11-08T11:03:54 WAT">
          <reporter-output>
          </reporter-output>
        </test-method> <!-- tearDown -->
        <test-method status="PASS" signature="setUp()[pri:0, instance:com.fbistech.testcases.LoginPageTest@74650e52]" name="setUp" is-config="true" duration-ms="5321" started-at="2021-11-08T11:03:54 WAT" finished-at="2021-11-08T11:04:00 WAT">
          <reporter-output>
          </reporter-output>
        </test-method> <!-- setUp -->
        <test-method status="PASS" signature="verifyUserCanTerminateForgotPasswordProcess()[pri:11, instance:com.fbistech.testcases.LoginPageTest@74650e52]" name="verifyUserCanTerminateForgotPasswordProcess" duration-ms="10273" started-at="2021-11-08T11:04:00 WAT" finished-at="2021-11-08T11:04:10 WAT">
          <reporter-output>
          </reporter-output>
        </test-method> <!-- verifyUserCanTerminateForgotPasswordProcess -->
        <test-method status="PASS" signature="tearDown()[pri:0, instance:com.fbistech.testcases.LoginPageTest@74650e52]" name="tearDown" is-config="true" duration-ms="6114" started-at="2021-11-08T11:04:10 WAT" finished-at="2021-11-08T11:04:16 WAT">
          <reporter-output>
          </reporter-output>
        </test-method> <!-- tearDown -->
        <test-method status="PASS" signature="setUp()[pri:0, instance:com.fbistech.testcases.LoginPageTest@74650e52]" name="setUp" is-config="true" duration-ms="5011" started-at="2021-11-08T11:04:16 WAT" finished-at="2021-11-08T11:04:21 WAT">
          <reporter-output>
          </reporter-output>
        </test-method> <!-- setUp -->
        <test-method status="PASS" signature="verifyUserCanResetForgetPassword()[pri:12, instance:com.fbistech.testcases.LoginPageTest@74650e52]" name="verifyUserCanResetForgetPassword" duration-ms="16890" started-at="2021-11-08T11:04:21 WAT" finished-at="2021-11-08T11:04:38 WAT">
          <reporter-output>
          </reporter-output>
        </test-method> <!-- verifyUserCanResetForgetPassword -->
        <test-method status="PASS" signature="tearDown()[pri:0, instance:com.fbistech.testcases.LoginPageTest@74650e52]" name="tearDown" is-config="true" duration-ms="6119" started-at="2021-11-08T11:04:38 WAT" finished-at="2021-11-08T11:04:44 WAT">
          <reporter-output>
          </reporter-output>
        </test-method> <!-- tearDown -->
        <test-method status="PASS" signature="setUp()[pri:0, instance:com.fbistech.testcases.LoginPageTest@74650e52]" name="setUp" is-config="true" duration-ms="3517" started-at="2021-11-08T11:04:44 WAT" finished-at="2021-11-08T11:04:48 WAT">
          <reporter-output>
          </reporter-output>
        </test-method> <!-- setUp -->
        <test-method status="FAIL" signature="verifyUserCannotResetForgetPasswordWithEmailWithoutServerHostName()[pri:13, instance:com.fbistech.testcases.LoginPageTest@74650e52]" name="verifyUserCannotResetForgetPasswordWithEmailWithoutServerHostName" duration-ms="29245" started-at="2021-11-08T11:04:48 WAT" finished-at="2021-11-08T11:05:17 WAT">
          <exception class="org.openqa.selenium.NoSuchElementException">
            <message>
              <![CDATA[no such element: Unable to locate element: {"method":"xpath","selector":"//li[@class='chakra-toast']//div[@id='12']//*[@class='chakra-icon css-onkibi']"}
  (Session info: chrome=95.0.4638.69)
For documentation on this error, please visit: https://www.seleniumhq.org/exceptions/no_such_element.html
Build info: version: '3.141.59', revision: 'e82be7d358', time: '2018-11-14T08:17:03'
System info: host: 'Josephs-MacBoo.local', ip: 'fd00:0:0:1:78f3:817:ce4d:13ab%en0', os.name: 'Mac OS X', os.arch: 'x86_64', os.version: '10.15.7', java.version: '1.8.0_301'
Driver info: org.openqa.selenium.chrome.ChromeDriver
Capabilities {acceptInsecureCerts: false, browserName: chrome, browserVersion: 95.0.4638.69, chrome: {chromedriverVersion: 95.0.4638.54 (d31a821ec901f..., userDataDir: /var/folders/j4/j04gn4bj1dl...}, goog:chromeOptions: {debuggerAddress: localhost:61152}, javascriptEnabled: true, networkConnectionEnabled: false, pageLoadStrategy: normal, platform: MAC, platformName: MAC, proxy: Proxy(), setWindowRect: true, strictFileInteractability: false, timeouts: {implicit: 0, pageLoad: 300000, script: 30000}, unhandledPromptBehavior: dismiss and notify, webauthn:extension:credBlob: true, webauthn:extension:largeBlob: true, webauthn:virtualAuthenticators: true}
Session ID: 467fe402050689f1ddad85d4a7fe7847
*** Element info: {Using=xpath, value=//li[@class='chakra-toast']//div[@id='12']//*[@class='chakra-icon css-onkibi']}]]>
            </message>
            <full-stacktrace>
              <![CDATA[org.openqa.selenium.NoSuchElementException: no such element: Unable to locate element: {"method":"xpath","selector":"//li[@class='chakra-toast']//div[@id='12']//*[@class='chakra-icon css-onkibi']"}
  (Session info: chrome=95.0.4638.69)
For documentation on this error, please visit: https://www.seleniumhq.org/exceptions/no_such_element.html
Build info: version: '3.141.59', revision: 'e82be7d358', time: '2018-11-14T08:17:03'
System info: host: 'Josephs-MacBoo.local', ip: 'fd00:0:0:1:78f3:817:ce4d:13ab%en0', os.name: 'Mac OS X', os.arch: 'x86_64', os.version: '10.15.7', java.version: '1.8.0_301'
Driver info: org.openqa.selenium.chrome.ChromeDriver
Capabilities {acceptInsecureCerts: false, browserName: chrome, browserVersion: 95.0.4638.69, chrome: {chromedriverVersion: 95.0.4638.54 (d31a821ec901f..., userDataDir: /var/folders/j4/j04gn4bj1dl...}, goog:chromeOptions: {debuggerAddress: localhost:61152}, javascriptEnabled: true, networkConnectionEnabled: false, pageLoadStrategy: normal, platform: MAC, platformName: MAC, proxy: Proxy(), setWindowRect: true, strictFileInteractability: false, timeouts: {implicit: 0, pageLoad: 300000, script: 30000}, unhandledPromptBehavior: dismiss and notify, webauthn:extension:credBlob: true, webauthn:extension:largeBlob: true, webauthn:virtualAuthenticators: true}
Session ID: 467fe402050689f1ddad85d4a7fe7847
*** Element info: {Using=xpath, value=//li[@class='chakra-toast']//div[@id='12']//*[@class='chakra-icon css-onkibi']}
at sun.reflect.GeneratedConstructorAccessor25.newInstance(Unknown Source)
at sun.reflect.DelegatingConstructorAccessorImpl.newInstance(DelegatingConstructorAccessorImpl.java:45)
at java.lang.reflect.Constructor.newInstance(Constructor.java:423)
at org.openqa.selenium.remote.http.W3CHttpResponseCodec.createException(W3CHttpResponseCodec.java:187)
at org.openqa.selenium.remote.http.W3CHttpResponseCodec.decode(W3CHttpResponseCodec.java:122)
at org.openqa.selenium.remote.http.W3CHttpResponseCodec.decode(W3CHttpResponseCodec.java:49)
at org.openqa.selenium.remote.HttpCommandExecutor.execute(HttpCommandExecutor.java:158)
at org.openqa.selenium.remote.service.DriverCommandExecutor.execute(DriverCommandExecutor.java:83)
at org.openqa.selenium.remote.RemoteWebDriver.execute(RemoteWebDriver.java:552)
at org.openqa.selenium.remote.RemoteWebDriver.findElement(RemoteWebDriver.java:323)
at org.openqa.selenium.remote.RemoteWebDriver.findElementByXPath(RemoteWebDriver.java:428)
at org.openqa.selenium.By$ByXPath.findElement(By.java:353)
at org.openqa.selenium.remote.RemoteWebDriver.findElement(RemoteWebDriver.java:315)
at sun.reflect.GeneratedMethodAccessor3.invoke(Unknown Source)
at sun.reflect.DelegatingMethodAccessorImpl.invoke(DelegatingMethodAccessorImpl.java:43)
at java.lang.reflect.Method.invoke(Method.java:498)
at org.openqa.selenium.support.events.EventFiringWebDriver.lambda$new$1(EventFiringWebDriver.java:105)
at com.sun.proxy.$Proxy6.findElement(Unknown Source)
at org.openqa.selenium.support.events.EventFiringWebDriver.findElement(EventFiringWebDriver.java:194)
at org.openqa.selenium.support.pagefactory.DefaultElementLocator.findElement(DefaultElementLocator.java:69)
at org.openqa.selenium.support.pagefactory.internal.LocatingElementHandler.invoke(LocatingElementHandler.java:38)
at com.sun.proxy.$Proxy11.click(Unknown Source)
at com.fbistech.pages.LoginPage.validateClickOnCancel_EmailMustBeAValidEmailAddressErrorPromptBtn(LoginPage.java:307)
at com.fbistech.testcases.LoginPageTest.verifyUserCannotResetForgetPasswordWithEmailWithoutServerHostName(LoginPageTest.java:639)
at sun.reflect.NativeMethodAccessorImpl.invoke0(Native Method)
at sun.reflect.NativeMethodAccessorImpl.invoke(NativeMethodAccessorImpl.java:62)
at sun.reflect.DelegatingMethodAccessorImpl.invoke(DelegatingMethodAccessorImpl.java:43)
at java.lang.reflect.Method.invoke(Method.java:498)
at org.testng.internal.MethodInvocationHelper.invokeMethod(MethodInvocationHelper.java:133)
at org.testng.internal.TestInvoker.invokeMethod(TestInvoker.java:598)
at org.testng.internal.TestInvoker.invokeTestMethod(TestInvoker.java:173)
at org.testng.internal.MethodRunner.runInSequence(MethodRunner.java:46)
at org.testng.internal.TestInvoker$MethodInvocationAgent.invoke(TestInvoker.java:824)
at org.testng.internal.TestInvoker.invokeTestMethods(TestInvoker.java:146)
at org.testng.internal.TestMethodWorker.invokeTestMethods(TestMethodWorker.java:146)
at org.testng.internal.TestMethodWorker.run(TestMethodWorker.java:128)
at java.util.ArrayList.forEach(ArrayList.java:1259)
at org.testng.TestRunner.privateRun(TestRunner.java:794)
at org.testng.TestRunner.run(TestRunner.java:596)
at org.testng.SuiteRunner.runTest(SuiteRunner.java:377)
at org.testng.SuiteRunner.runSequentially(SuiteRunner.java:371)
at org.testng.SuiteRunner.privateRun(SuiteRunner.java:332)
at org.testng.SuiteRunner.run(SuiteRunner.java:276)
at org.testng.SuiteRunnerWorker.runSuite(SuiteRunnerWorker.java:53)
at org.testng.SuiteRunnerWorker.run(SuiteRunnerWorker.java:96)
at org.testng.TestNG.runSuitesSequentially(TestNG.java:1212)
at org.testng.TestNG.runSuitesLocally(TestNG.java:1134)
at org.testng.TestNG.runSuites(TestNG.java:1063)
at org.testng.TestNG.run(TestNG.java:1031)
at org.apache.maven.surefire.testng.TestNGExecutor.run(TestNGExecutor.java:132)
at org.apache.maven.surefire.testng.TestNGDirectoryTestSuite.executeMulti(TestNGDirectoryTestSuite.java:193)
at org.apache.maven.surefire.testng.TestNGDirectoryTestSuite.execute(TestNGDirectoryTestSuite.java:94)
at org.apache.maven.surefire.testng.TestNGProvider.invoke(TestNGProvider.java:147)
at org.apache.maven.surefire.booter.ForkedBooter.invokeProviderInSameClassLoader(ForkedBooter.java:290)
at org.apache.maven.surefire.booter.ForkedBooter.runSuitesInProcess(ForkedBooter.java:242)
at org.apache.maven.surefire.booter.ForkedBooter.main(ForkedBooter.java:121)
]]>
            </full-stacktrace>
          </exception> <!-- org.openqa.selenium.NoSuchElementException -->
          <reporter-output>
          </reporter-output>
        </test-method> <!-- verifyUserCannotResetForgetPasswordWithEmailWithoutServerHostName -->
        <test-method status="PASS" signature="tearDown()[pri:0, instance:com.fbistech.testcases.LoginPageTest@74650e52]" name="tearDown" is-config="true" duration-ms="6103" started-at="2021-11-08T11:05:17 WAT" finished-at="2021-11-08T11:05:23 WAT">
          <reporter-output>
          </reporter-output>
        </test-method> <!-- tearDown -->
        <test-method status="PASS" signature="setUp()[pri:0, instance:com.fbistech.testcases.LoginPageTest@74650e52]" name="setUp" is-config="true" duration-ms="4871" started-at="2021-11-08T11:05:23 WAT" finished-at="2021-11-08T11:05:28 WAT">
          <reporter-output>
          </reporter-output>
        </test-method> <!-- setUp -->
        <test-method status="PASS" signature="verifyUserCannotResetForgetPasswordWithEmailWithoutDomainName()[pri:14, instance:com.fbistech.testcases.LoginPageTest@74650e52]" name="verifyUserCannotResetForgetPasswordWithEmailWithoutDomainName" duration-ms="15464" started-at="2021-11-08T11:05:28 WAT" finished-at="2021-11-08T11:05:43 WAT">
          <reporter-output>
          </reporter-output>
        </test-method> <!-- verifyUserCannotResetForgetPasswordWithEmailWithoutDomainName -->
        <test-method status="PASS" signature="tearDown()[pri:0, instance:com.fbistech.testcases.LoginPageTest@74650e52]" name="tearDown" is-config="true" duration-ms="6098" started-at="2021-11-08T11:05:43 WAT" finished-at="2021-11-08T11:05:49 WAT">
          <reporter-output>
          </reporter-output>
        </test-method> <!-- tearDown -->
        <test-method status="PASS" signature="setUp()[pri:0, instance:com.fbistech.testcases.LoginPageTest@74650e52]" name="setUp" is-config="true" duration-ms="3359" started-at="2021-11-08T11:05:49 WAT" finished-at="2021-11-08T11:05:53 WAT">
          <reporter-output>
          </reporter-output>
        </test-method> <!-- setUp -->
        <test-method status="PASS" signature="verifyUserCannotResetForgetPasswordWithEmptyInputField()[pri:15, instance:com.fbistech.testcases.LoginPageTest@74650e52]" name="verifyUserCannotResetForgetPasswordWithEmptyInputField" duration-ms="17988" started-at="2021-11-08T11:05:53 WAT" finished-at="2021-11-08T11:06:11 WAT">
          <reporter-output>
          </reporter-output>
        </test-method> <!-- verifyUserCannotResetForgetPasswordWithEmptyInputField -->
        <test-method status="PASS" signature="tearDown()[pri:0, instance:com.fbistech.testcases.LoginPageTest@74650e52]" name="tearDown" is-config="true" duration-ms="6105" started-at="2021-11-08T11:06:11 WAT" finished-at="2021-11-08T11:06:17 WAT">
          <reporter-output>
          </reporter-output>
        </test-method> <!-- tearDown -->
        <test-method status="PASS" signature="setUp()[pri:0, instance:com.fbistech.testcases.LoginPageTest@74650e52]" name="setUp" is-config="true" duration-ms="12170" started-at="2021-11-08T11:06:17 WAT" finished-at="2021-11-08T11:06:29 WAT">
          <reporter-output>
          </reporter-output>
        </test-method> <!-- setUp -->
        <test-method status="PASS" signature="verifyUserCanNavigateToTermsAndConditionsPage()[pri:16, instance:com.fbistech.testcases.LoginPageTest@74650e52]" name="verifyUserCanNavigateToTermsAndConditionsPage" duration-ms="4683" started-at="2021-11-08T11:06:29 WAT" finished-at="2021-11-08T11:06:34 WAT">
          <reporter-output>
          </reporter-output>
        </test-method> <!-- verifyUserCanNavigateToTermsAndConditionsPage -->
        <test-method status="PASS" signature="tearDown()[pri:0, instance:com.fbistech.testcases.LoginPageTest@74650e52]" name="tearDown" is-config="true" duration-ms="6104" started-at="2021-11-08T11:06:34 WAT" finished-at="2021-11-08T11:06:40 WAT">
          <reporter-output>
          </reporter-output>
        </test-method> <!-- tearDown -->
        <test-method status="PASS" signature="setUp()[pri:0, instance:com.fbistech.testcases.LoginPageTest@74650e52]" name="setUp" is-config="true" duration-ms="4293" started-at="2021-11-08T11:06:40 WAT" finished-at="2021-11-08T11:06:44 WAT">
          <reporter-output>
          </reporter-output>
        </test-method> <!-- setUp -->
        <test-method status="PASS" signature="verifyUserCanClickOnTermsAndConditionsLink()[pri:17, instance:com.fbistech.testcases.LoginPageTest@74650e52]" name="verifyUserCanClickOnTermsAndConditionsLink" duration-ms="4685" started-at="2021-11-08T11:06:44 WAT" finished-at="2021-11-08T11:06:49 WAT">
          <reporter-output>
          </reporter-output>
        </test-method> <!-- verifyUserCanClickOnTermsAndConditionsLink -->
        <test-method status="PASS" signature="tearDown()[pri:0, instance:com.fbistech.testcases.LoginPageTest@74650e52]" name="tearDown" is-config="true" duration-ms="6106" started-at="2021-11-08T11:06:49 WAT" finished-at="2021-11-08T11:06:55 WAT">
          <reporter-output>
          </reporter-output>
        </test-method> <!-- tearDown -->
      </class> <!-- com.fbistech.testcases.LoginPageTest -->
      <class name="com.fbistech.testcases.HomePageTest">
        <test-method status="PASS" signature="setUp()[pri:0, instance:com.fbistech.testcases.HomePageTest@3b088d51]" name="setUp" is-config="true" duration-ms="5281" started-at="2021-11-08T10:46:51 WAT" finished-at="2021-11-08T10:46:56 WAT">
          <reporter-output>
          </reporter-output>
        </test-method> <!-- setUp -->
        <test-method status="PASS" signature="verifyHomePageTitleTest()[pri:1, instance:com.fbistech.testcases.HomePageTest@3b088d51]" name="verifyHomePageTitleTest" duration-ms="3" started-at="2021-11-08T10:46:56 WAT" finished-at="2021-11-08T10:46:56 WAT">
          <reporter-output>
          </reporter-output>
        </test-method> <!-- verifyHomePageTitleTest -->
        <test-method status="PASS" signature="tearDown()[pri:0, instance:com.fbistech.testcases.HomePageTest@3b088d51]" name="tearDown" is-config="true" duration-ms="5097" started-at="2021-11-08T10:46:56 WAT" finished-at="2021-11-08T10:47:01 WAT">
          <reporter-output>
          </reporter-output>
        </test-method> <!-- tearDown -->
        <test-method status="PASS" signature="setUp()[pri:0, instance:com.fbistech.testcases.HomePageTest@3b088d51]" name="setUp" is-config="true" duration-ms="5629" started-at="2021-11-08T10:47:01 WAT" finished-at="2021-11-08T10:47:07 WAT">
          <reporter-output>
          </reporter-output>
        </test-method> <!-- setUp -->
        <test-method status="PASS" signature="validateBeamsityLogo()[pri:2, instance:com.fbistech.testcases.HomePageTest@3b088d51]" name="validateBeamsityLogo" duration-ms="42" started-at="2021-11-08T10:47:07 WAT" finished-at="2021-11-08T10:47:07 WAT">
          <reporter-output>
          </reporter-output>
        </test-method> <!-- validateBeamsityLogo -->
        <test-method status="PASS" signature="tearDown()[pri:0, instance:com.fbistech.testcases.HomePageTest@3b088d51]" name="tearDown" is-config="true" duration-ms="5097" started-at="2021-11-08T10:47:07 WAT" finished-at="2021-11-08T10:47:12 WAT">
          <reporter-output>
          </reporter-output>
        </test-method> <!-- tearDown -->
        <test-method status="PASS" signature="setUp()[pri:0, instance:com.fbistech.testcases.HomePageTest@3b088d51]" name="setUp" is-config="true" duration-ms="10236" started-at="2021-11-08T10:47:12 WAT" finished-at="2021-11-08T10:47:22 WAT">
          <reporter-output>
          </reporter-output>
        </test-method> <!-- setUp -->
        <test-method status="PASS" signature="verifyUserCanClickOnSchools_OrganizationsLinkLink()[pri:3, instance:com.fbistech.testcases.HomePageTest@3b088d51]" name="verifyUserCanClickOnSchools_OrganizationsLinkLink" duration-ms="4649" started-at="2021-11-08T10:47:22 WAT" finished-at="2021-11-08T10:47:27 WAT">
          <reporter-output>
          </reporter-output>
        </test-method> <!-- verifyUserCanClickOnSchools_OrganizationsLinkLink -->
        <test-method status="PASS" signature="tearDown()[pri:0, instance:com.fbistech.testcases.HomePageTest@3b088d51]" name="tearDown" is-config="true" duration-ms="5115" started-at="2021-11-08T10:47:27 WAT" finished-at="2021-11-08T10:47:32 WAT">
          <reporter-output>
          </reporter-output>
        </test-method> <!-- tearDown -->
        <test-method status="PASS" signature="setUp()[pri:0, instance:com.fbistech.testcases.HomePageTest@3b088d51]" name="setUp" is-config="true" duration-ms="5434" started-at="2021-11-08T10:47:32 WAT" finished-at="2021-11-08T10:47:37 WAT">
          <reporter-output>
          </reporter-output>
        </test-method> <!-- setUp -->
        <test-method status="PASS" signature="verifyUserCanClickOnTeachOnBeamsitykLink()[pri:4, instance:com.fbistech.testcases.HomePageTest@3b088d51]" name="verifyUserCanClickOnTeachOnBeamsitykLink" duration-ms="391" started-at="2021-11-08T10:47:37 WAT" finished-at="2021-11-08T10:47:38 WAT">
          <reporter-output>
          </reporter-output>
        </test-method> <!-- verifyUserCanClickOnTeachOnBeamsitykLink -->
        <test-method status="PASS" signature="tearDown()[pri:0, instance:com.fbistech.testcases.HomePageTest@3b088d51]" name="tearDown" is-config="true" duration-ms="5112" started-at="2021-11-08T10:47:38 WAT" finished-at="2021-11-08T10:47:43 WAT">
          <reporter-output>
          </reporter-output>
        </test-method> <!-- tearDown -->
        <test-method status="PASS" signature="setUp()[pri:0, instance:com.fbistech.testcases.HomePageTest@3b088d51]" name="setUp" is-config="true" duration-ms="18095" started-at="2021-11-08T10:47:43 WAT" finished-at="2021-11-08T10:48:01 WAT">
          <reporter-output>
          </reporter-output>
        </test-method> <!-- setUp -->
        <test-method status="PASS" signature="verifyUserCanClickOnContactUsLinks()[pri:5, instance:com.fbistech.testcases.HomePageTest@3b088d51]" name="verifyUserCanClickOnContactUsLinks" duration-ms="17298" started-at="2021-11-08T10:48:01 WAT" finished-at="2021-11-08T10:48:18 WAT">
          <reporter-output>
          </reporter-output>
        </test-method> <!-- verifyUserCanClickOnContactUsLinks -->
        <test-method status="PASS" signature="tearDown()[pri:0, instance:com.fbistech.testcases.HomePageTest@3b088d51]" name="tearDown" is-config="true" duration-ms="5109" started-at="2021-11-08T10:48:18 WAT" finished-at="2021-11-08T10:48:23 WAT">
          <reporter-output>
          </reporter-output>
        </test-method> <!-- tearDown -->
        <test-method status="PASS" signature="setUp()[pri:0, instance:com.fbistech.testcases.HomePageTest@3b088d51]" name="setUp" is-config="true" duration-ms="15441" started-at="2021-11-08T10:48:23 WAT" finished-at="2021-11-08T10:48:39 WAT">
          <reporter-output>
          </reporter-output>
        </test-method> <!-- setUp -->
        <test-method status="PASS" signature="verifyUserCanClickOnLoginLink()[pri:6, instance:com.fbistech.testcases.HomePageTest@3b088d51]" name="verifyUserCanClickOnLoginLink" duration-ms="2799" started-at="2021-11-08T10:48:39 WAT" finished-at="2021-11-08T10:48:42 WAT">
          <reporter-output>
          </reporter-output>
        </test-method> <!-- verifyUserCanClickOnLoginLink -->
        <test-method status="PASS" signature="tearDown()[pri:0, instance:com.fbistech.testcases.HomePageTest@3b088d51]" name="tearDown" is-config="true" duration-ms="5114" started-at="2021-11-08T10:48:42 WAT" finished-at="2021-11-08T10:48:47 WAT">
          <reporter-output>
          </reporter-output>
        </test-method> <!-- tearDown -->
        <test-method status="PASS" signature="setUp()[pri:0, instance:com.fbistech.testcases.HomePageTest@3b088d51]" name="setUp" is-config="true" duration-ms="5076" started-at="2021-11-08T10:48:47 WAT" finished-at="2021-11-08T10:48:52 WAT">
          <reporter-output>
          </reporter-output>
        </test-method> <!-- setUp -->
        <test-method status="PASS" signature="verifyUserCanclickOnPartnerWithUsLink()[pri:7, instance:com.fbistech.testcases.HomePageTest@3b088d51]" name="verifyUserCanclickOnPartnerWithUsLink" duration-ms="267" started-at="2021-11-08T10:48:52 WAT" finished-at="2021-11-08T10:48:52 WAT">
          <reporter-output>
          </reporter-output>
        </test-method> <!-- verifyUserCanclickOnPartnerWithUsLink -->
        <test-method status="PASS" signature="tearDown()[pri:0, instance:com.fbistech.testcases.HomePageTest@3b088d51]" name="tearDown" is-config="true" duration-ms="5121" started-at="2021-11-08T10:48:52 WAT" finished-at="2021-11-08T10:48:57 WAT">
          <reporter-output>
          </reporter-output>
        </test-method> <!-- tearDown -->
        <test-method status="PASS" signature="setUp()[pri:0, instance:com.fbistech.testcases.HomePageTest@3b088d51]" name="setUp" is-config="true" duration-ms="15711" started-at="2021-11-08T10:48:57 WAT" finished-at="2021-11-08T10:49:13 WAT">
          <reporter-output>
          </reporter-output>
        </test-method> <!-- setUp -->
        <test-method status="PASS" signature="verifyUserIsRedirectedToHomePageOnClickBeamsityLogoFromSchoolsOrganizationsPage()[pri:8, instance:com.fbistech.testcases.HomePageTest@3b088d51]" name="verifyUserIsRedirectedToHomePageOnClickBeamsityLogoFromSchoolsOrganizationsPage" duration-ms="13972" started-at="2021-11-08T10:49:13 WAT" finished-at="2021-11-08T10:49:27 WAT">
          <reporter-output>
          </reporter-output>
        </test-method> <!-- verifyUserIsRedirectedToHomePageOnClickBeamsityLogoFromSchoolsOrganizationsPage -->
        <test-method status="PASS" signature="tearDown()[pri:0, instance:com.fbistech.testcases.HomePageTest@3b088d51]" name="tearDown" is-config="true" duration-ms="5131" started-at="2021-11-08T10:49:27 WAT" finished-at="2021-11-08T10:49:32 WAT">
          <reporter-output>
          </reporter-output>
        </test-method> <!-- tearDown -->
        <test-method status="PASS" signature="setUp()[pri:0, instance:com.fbistech.testcases.HomePageTest@3b088d51]" name="setUp" is-config="true" duration-ms="5365" started-at="2021-11-08T10:49:32 WAT" finished-at="2021-11-08T10:49:37 WAT">
          <reporter-output>
          </reporter-output>
        </test-method> <!-- setUp -->
        <test-method status="PASS" signature="verifyUserIsRedirectedToHomePageOnClickBeamsityLogoFromTechOnBeamsityPage()[pri:9, instance:com.fbistech.testcases.HomePageTest@3b088d51]" name="verifyUserIsRedirectedToHomePageOnClickBeamsityLogoFromTechOnBeamsityPage" duration-ms="11661" started-at="2021-11-08T10:49:37 WAT" finished-at="2021-11-08T10:49:49 WAT">
          <reporter-output>
          </reporter-output>
        </test-method> <!-- verifyUserIsRedirectedToHomePageOnClickBeamsityLogoFromTechOnBeamsityPage -->
        <test-method status="PASS" signature="tearDown()[pri:0, instance:com.fbistech.testcases.HomePageTest@3b088d51]" name="tearDown" is-config="true" duration-ms="5116" started-at="2021-11-08T10:49:49 WAT" finished-at="2021-11-08T10:49:54 WAT">
          <reporter-output>
          </reporter-output>
        </test-method> <!-- tearDown -->
        <test-method status="PASS" signature="setUp()[pri:0, instance:com.fbistech.testcases.HomePageTest@3b088d51]" name="setUp" is-config="true" duration-ms="3743" started-at="2021-11-08T10:49:54 WAT" finished-at="2021-11-08T10:49:58 WAT">
          <reporter-output>
          </reporter-output>
        </test-method> <!-- setUp -->
        <test-method status="PASS" signature="verifyUserIsRedirectedToHomePageOnClickBeamsityLogoFromContactUsPage()[pri:10, instance:com.fbistech.testcases.HomePageTest@3b088d51]" name="verifyUserIsRedirectedToHomePageOnClickBeamsityLogoFromContactUsPage" duration-ms="9413" started-at="2021-11-08T10:49:58 WAT" finished-at="2021-11-08T10:50:07 WAT">
          <reporter-output>
          </reporter-output>
        </test-method> <!-- verifyUserIsRedirectedToHomePageOnClickBeamsityLogoFromContactUsPage -->
        <test-method status="PASS" signature="tearDown()[pri:0, instance:com.fbistech.testcases.HomePageTest@3b088d51]" name="tearDown" is-config="true" duration-ms="5106" started-at="2021-11-08T10:50:07 WAT" finished-at="2021-11-08T10:50:13 WAT">
          <reporter-output>
          </reporter-output>
        </test-method> <!-- tearDown -->
        <test-method status="PASS" signature="setUp()[pri:0, instance:com.fbistech.testcases.HomePageTest@3b088d51]" name="setUp" is-config="true" duration-ms="12441" started-at="2021-11-08T10:50:13 WAT" finished-at="2021-11-08T10:50:25 WAT">
          <reporter-output>
          </reporter-output>
        </test-method> <!-- setUp -->
        <test-method status="PASS" signature="verifyUserIsRedirectedToHomePageOnClickBeamsityLogoFromPartnerWithUsPage()[pri:11, instance:com.fbistech.testcases.HomePageTest@3b088d51]" name="verifyUserIsRedirectedToHomePageOnClickBeamsityLogoFromPartnerWithUsPage" duration-ms="9438" started-at="2021-11-08T10:50:25 WAT" finished-at="2021-11-08T10:50:34 WAT">
          <reporter-output>
          </reporter-output>
        </test-method> <!-- verifyUserIsRedirectedToHomePageOnClickBeamsityLogoFromPartnerWithUsPage -->
        <test-method status="PASS" signature="tearDown()[pri:0, instance:com.fbistech.testcases.HomePageTest@3b088d51]" name="tearDown" is-config="true" duration-ms="5096" started-at="2021-11-08T10:50:34 WAT" finished-at="2021-11-08T10:50:39 WAT">
          <reporter-output>
          </reporter-output>
        </test-method> <!-- tearDown -->
        <test-method status="PASS" signature="setUp()[pri:0, instance:com.fbistech.testcases.HomePageTest@3b088d51]" name="setUp" is-config="true" duration-ms="4436" started-at="2021-11-08T10:50:39 WAT" finished-at="2021-11-08T10:50:44 WAT">
          <reporter-output>
          </reporter-output>
        </test-method> <!-- setUp -->
        <test-method status="PASS" signature="verifyUserCanClickOnGetStartedLink()[pri:12, instance:com.fbistech.testcases.HomePageTest@3b088d51]" name="verifyUserCanClickOnGetStartedLink" duration-ms="25137" started-at="2021-11-08T10:50:44 WAT" finished-at="2021-11-08T10:51:09 WAT">
          <reporter-output>
          </reporter-output>
        </test-method> <!-- verifyUserCanClickOnGetStartedLink -->
        <test-method status="PASS" signature="tearDown()[pri:0, instance:com.fbistech.testcases.HomePageTest@3b088d51]" name="tearDown" is-config="true" duration-ms="5106" started-at="2021-11-08T10:51:09 WAT" finished-at="2021-11-08T10:51:14 WAT">
          <reporter-output>
          </reporter-output>
        </test-method> <!-- tearDown -->
        <test-method status="PASS" signature="setUp()[pri:0, instance:com.fbistech.testcases.HomePageTest@3b088d51]" name="setUp" is-config="true" duration-ms="4341" started-at="2021-11-08T10:51:14 WAT" finished-at="2021-11-08T10:51:19 WAT">
          <reporter-output>
          </reporter-output>
        </test-method> <!-- setUp -->
        <test-method status="PASS" signature="verifyUserCanClickOnLearnMoreLink()[pri:13, instance:com.fbistech.testcases.HomePageTest@3b088d51]" name="verifyUserCanClickOnLearnMoreLink" duration-ms="4371" started-at="2021-11-08T10:51:19 WAT" finished-at="2021-11-08T10:51:23 WAT">
          <reporter-output>
          </reporter-output>
        </test-method> <!-- verifyUserCanClickOnLearnMoreLink -->
        <test-method status="PASS" signature="tearDown()[pri:0, instance:com.fbistech.testcases.HomePageTest@3b088d51]" name="tearDown" is-config="true" duration-ms="5099" started-at="2021-11-08T10:51:23 WAT" finished-at="2021-11-08T10:51:28 WAT">
          <reporter-output>
          </reporter-output>
        </test-method> <!-- tearDown -->
        <test-method status="PASS" signature="setUp()[pri:0, instance:com.fbistech.testcases.HomePageTest@3b088d51]" name="setUp" is-config="true" duration-ms="4359" started-at="2021-11-08T10:51:28 WAT" finished-at="2021-11-08T10:51:32 WAT">
          <reporter-output>
          </reporter-output>
        </test-method> <!-- setUp -->
        <test-method status="PASS" signature="verifyUserIsRedirectedToHomePageOnClickBeamsityLogo_AboutUsFooter()[pri:14, instance:com.fbistech.testcases.HomePageTest@3b088d51]" name="verifyUserIsRedirectedToHomePageOnClickBeamsityLogo_AboutUsFooter" duration-ms="16998" started-at="2021-11-08T10:51:32 WAT" finished-at="2021-11-08T10:51:49 WAT">
          <reporter-output>
          </reporter-output>
        </test-method> <!-- verifyUserIsRedirectedToHomePageOnClickBeamsityLogo_AboutUsFooter -->
        <test-method status="PASS" signature="tearDown()[pri:0, instance:com.fbistech.testcases.HomePageTest@3b088d51]" name="tearDown" is-config="true" duration-ms="5109" started-at="2021-11-08T10:51:49 WAT" finished-at="2021-11-08T10:51:54 WAT">
          <reporter-output>
          </reporter-output>
        </test-method> <!-- tearDown -->
        <test-method status="PASS" signature="setUp()[pri:0, instance:com.fbistech.testcases.HomePageTest@3b088d51]" name="setUp" is-config="true" duration-ms="6730" started-at="2021-11-08T10:51:54 WAT" finished-at="2021-11-08T10:52:01 WAT">
          <reporter-output>
          </reporter-output>
        </test-method> <!-- setUp -->
        <test-method status="PASS" signature="verifyUserIsRedirectedToHomePageOnClickBeamsityLogo_PrivatePolicyFooter()[pri:15, instance:com.fbistech.testcases.HomePageTest@3b088d51]" name="verifyUserIsRedirectedToHomePageOnClickBeamsityLogo_PrivatePolicyFooter" duration-ms="13400" started-at="2021-11-08T10:52:01 WAT" finished-at="2021-11-08T10:52:15 WAT">
          <reporter-output>
          </reporter-output>
        </test-method> <!-- verifyUserIsRedirectedToHomePageOnClickBeamsityLogo_PrivatePolicyFooter -->
        <test-method status="PASS" signature="tearDown()[pri:0, instance:com.fbistech.testcases.HomePageTest@3b088d51]" name="tearDown" is-config="true" duration-ms="5097" started-at="2021-11-08T10:52:15 WAT" finished-at="2021-11-08T10:52:20 WAT">
          <reporter-output>
          </reporter-output>
        </test-method> <!-- tearDown -->
        <test-method status="PASS" signature="setUp()[pri:0, instance:com.fbistech.testcases.HomePageTest@3b088d51]" name="setUp" is-config="true" duration-ms="3795" started-at="2021-11-08T10:52:20 WAT" finished-at="2021-11-08T10:52:23 WAT">
          <reporter-output>
          </reporter-output>
        </test-method> <!-- setUp -->
        <test-method status="PASS" signature="verifyUserCanClickOnAboutUsLink()[pri:16, instance:com.fbistech.testcases.HomePageTest@3b088d51]" name="verifyUserCanClickOnAboutUsLink" duration-ms="7453" started-at="2021-11-08T10:52:23 WAT" finished-at="2021-11-08T10:52:31 WAT">
          <reporter-output>
          </reporter-output>
        </test-method> <!-- verifyUserCanClickOnAboutUsLink -->
        <test-method status="PASS" signature="tearDown()[pri:0, instance:com.fbistech.testcases.HomePageTest@3b088d51]" name="tearDown" is-config="true" duration-ms="5103" started-at="2021-11-08T10:52:31 WAT" finished-at="2021-11-08T10:52:36 WAT">
          <reporter-output>
          </reporter-output>
        </test-method> <!-- tearDown -->
        <test-method status="PASS" signature="setUp()[pri:0, instance:com.fbistech.testcases.HomePageTest@3b088d51]" name="setUp" is-config="true" duration-ms="4165" started-at="2021-11-08T10:52:36 WAT" finished-at="2021-11-08T10:52:40 WAT">
          <reporter-output>
          </reporter-output>
        </test-method> <!-- setUp -->
        <test-method status="PASS" signature="verifyUserCanClickOnPrivacyPolicyLink()[pri:16, instance:com.fbistech.testcases.HomePageTest@3b088d51]" name="verifyUserCanClickOnPrivacyPolicyLink" duration-ms="7318" started-at="2021-11-08T10:52:40 WAT" finished-at="2021-11-08T10:52:48 WAT">
          <reporter-output>
          </reporter-output>
        </test-method> <!-- verifyUserCanClickOnPrivacyPolicyLink -->
        <test-method status="PASS" signature="tearDown()[pri:0, instance:com.fbistech.testcases.HomePageTest@3b088d51]" name="tearDown" is-config="true" duration-ms="5099" started-at="2021-11-08T10:52:48 WAT" finished-at="2021-11-08T10:52:53 WAT">
          <reporter-output>
          </reporter-output>
        </test-method> <!-- tearDown -->
        <test-method status="PASS" signature="setUp()[pri:0, instance:com.fbistech.testcases.HomePageTest@3b088d51]" name="setUp" is-config="true" duration-ms="3781" started-at="2021-11-08T10:52:53 WAT" finished-at="2021-11-08T10:52:56 WAT">
          <reporter-output>
          </reporter-output>
        </test-method> <!-- setUp -->
        <test-method status="PASS" signature="verifyUserIsRedirectedToGoogleMapNavigation_ClickOnContactAddressLink()[pri:18, instance:com.fbistech.testcases.HomePageTest@3b088d51]" name="verifyUserIsRedirectedToGoogleMapNavigation_ClickOnContactAddressLink" duration-ms="14107" started-at="2021-11-08T10:52:56 WAT" finished-at="2021-11-08T10:53:11 WAT">
          <reporter-output>
          </reporter-output>
        </test-method> <!-- verifyUserIsRedirectedToGoogleMapNavigation_ClickOnContactAddressLink -->
        <test-method status="PASS" signature="tearDown()[pri:0, instance:com.fbistech.testcases.HomePageTest@3b088d51]" name="tearDown" is-config="true" duration-ms="5141" started-at="2021-11-08T10:53:11 WAT" finished-at="2021-11-08T10:53:16 WAT">
          <reporter-output>
          </reporter-output>
        </test-method> <!-- tearDown -->
        <test-method status="PASS" signature="setUp()[pri:0, instance:com.fbistech.testcases.HomePageTest@3b088d51]" name="setUp" is-config="true" duration-ms="11953" started-at="2021-11-08T10:53:16 WAT" finished-at="2021-11-08T10:53:28 WAT">
          <reporter-output>
          </reporter-output>
        </test-method> <!-- setUp -->
        <test-method status="FAIL" signature="verifyUserCanSignUpToMailingList()[pri:19, instance:com.fbistech.testcases.HomePageTest@3b088d51]" name="verifyUserCanSignUpToMailingList" duration-ms="21281" started-at="2021-11-08T10:53:28 WAT" finished-at="2021-11-08T10:53:49 WAT">
          <exception class="org.openqa.selenium.NoSuchElementException">
            <message>
              <![CDATA[no such element: Unable to locate element: {"method":"xpath","selector":"//li[@class='chakra-toast']//div[@class='chakra-alert__title css-14esyki'][normalize-space()='Success.']"}
  (Session info: chrome=95.0.4638.69)
For documentation on this error, please visit: https://www.seleniumhq.org/exceptions/no_such_element.html
Build info: version: '3.141.59', revision: 'e82be7d358', time: '2018-11-14T08:17:03'
System info: host: 'Josephs-MacBoo.local', ip: 'fd00:0:0:1:78f3:817:ce4d:13ab%en0', os.name: 'Mac OS X', os.arch: 'x86_64', os.version: '10.15.7', java.version: '1.8.0_301'
Driver info: org.openqa.selenium.chrome.ChromeDriver
Capabilities {acceptInsecureCerts: false, browserName: chrome, browserVersion: 95.0.4638.69, chrome: {chromedriverVersion: 95.0.4638.54 (d31a821ec901f..., userDataDir: /var/folders/j4/j04gn4bj1dl...}, goog:chromeOptions: {debuggerAddress: localhost:60469}, javascriptEnabled: true, networkConnectionEnabled: false, pageLoadStrategy: normal, platform: MAC, platformName: MAC, proxy: Proxy(), setWindowRect: true, strictFileInteractability: false, timeouts: {implicit: 0, pageLoad: 300000, script: 30000}, unhandledPromptBehavior: dismiss and notify, webauthn:extension:credBlob: true, webauthn:extension:largeBlob: true, webauthn:virtualAuthenticators: true}
Session ID: b4287bc3bee3c3aa97c1445c1e49cf51
*** Element info: {Using=xpath, value=//li[@class='chakra-toast']//div[@class='chakra-alert__title css-14esyki'][normalize-space()='Success.']}]]>
            </message>
            <full-stacktrace>
              <![CDATA[org.openqa.selenium.NoSuchElementException: no such element: Unable to locate element: {"method":"xpath","selector":"//li[@class='chakra-toast']//div[@class='chakra-alert__title css-14esyki'][normalize-space()='Success.']"}
  (Session info: chrome=95.0.4638.69)
For documentation on this error, please visit: https://www.seleniumhq.org/exceptions/no_such_element.html
Build info: version: '3.141.59', revision: 'e82be7d358', time: '2018-11-14T08:17:03'
System info: host: 'Josephs-MacBoo.local', ip: 'fd00:0:0:1:78f3:817:ce4d:13ab%en0', os.name: 'Mac OS X', os.arch: 'x86_64', os.version: '10.15.7', java.version: '1.8.0_301'
Driver info: org.openqa.selenium.chrome.ChromeDriver
Capabilities {acceptInsecureCerts: false, browserName: chrome, browserVersion: 95.0.4638.69, chrome: {chromedriverVersion: 95.0.4638.54 (d31a821ec901f..., userDataDir: /var/folders/j4/j04gn4bj1dl...}, goog:chromeOptions: {debuggerAddress: localhost:60469}, javascriptEnabled: true, networkConnectionEnabled: false, pageLoadStrategy: normal, platform: MAC, platformName: MAC, proxy: Proxy(), setWindowRect: true, strictFileInteractability: false, timeouts: {implicit: 0, pageLoad: 300000, script: 30000}, unhandledPromptBehavior: dismiss and notify, webauthn:extension:credBlob: true, webauthn:extension:largeBlob: true, webauthn:virtualAuthenticators: true}
Session ID: b4287bc3bee3c3aa97c1445c1e49cf51
*** Element info: {Using=xpath, value=//li[@class='chakra-toast']//div[@class='chakra-alert__title css-14esyki'][normalize-space()='Success.']}
at sun.reflect.GeneratedConstructorAccessor25.newInstance(Unknown Source)
at sun.reflect.DelegatingConstructorAccessorImpl.newInstance(DelegatingConstructorAccessorImpl.java:45)
at java.lang.reflect.Constructor.newInstance(Constructor.java:423)
at org.openqa.selenium.remote.http.W3CHttpResponseCodec.createException(W3CHttpResponseCodec.java:187)
at org.openqa.selenium.remote.http.W3CHttpResponseCodec.decode(W3CHttpResponseCodec.java:122)
at org.openqa.selenium.remote.http.W3CHttpResponseCodec.decode(W3CHttpResponseCodec.java:49)
at org.openqa.selenium.remote.HttpCommandExecutor.execute(HttpCommandExecutor.java:158)
at org.openqa.selenium.remote.service.DriverCommandExecutor.execute(DriverCommandExecutor.java:83)
at org.openqa.selenium.remote.RemoteWebDriver.execute(RemoteWebDriver.java:552)
at org.openqa.selenium.remote.RemoteWebDriver.findElement(RemoteWebDriver.java:323)
at org.openqa.selenium.remote.RemoteWebDriver.findElementByXPath(RemoteWebDriver.java:428)
at org.openqa.selenium.By$ByXPath.findElement(By.java:353)
at org.openqa.selenium.remote.RemoteWebDriver.findElement(RemoteWebDriver.java:315)
at sun.reflect.GeneratedMethodAccessor3.invoke(Unknown Source)
at sun.reflect.DelegatingMethodAccessorImpl.invoke(DelegatingMethodAccessorImpl.java:43)
at java.lang.reflect.Method.invoke(Method.java:498)
at org.openqa.selenium.support.events.EventFiringWebDriver.lambda$new$1(EventFiringWebDriver.java:105)
at com.sun.proxy.$Proxy6.findElement(Unknown Source)
at org.openqa.selenium.support.events.EventFiringWebDriver.findElement(EventFiringWebDriver.java:194)
at org.openqa.selenium.support.pagefactory.DefaultElementLocator.findElement(DefaultElementLocator.java:69)
at org.openqa.selenium.support.pagefactory.internal.LocatingElementHandler.invoke(LocatingElementHandler.java:38)
at com.sun.proxy.$Proxy11.getText(Unknown Source)
at com.fbistech.pages.HomePage.validateSignUpToMailingListSuccessPrompt(HomePage.java:551)
at com.fbistech.testcases.HomePageTest.verifyUserCanSignUpToMailingList(HomePageTest.java:612)
at sun.reflect.NativeMethodAccessorImpl.invoke0(Native Method)
at sun.reflect.NativeMethodAccessorImpl.invoke(NativeMethodAccessorImpl.java:62)
at sun.reflect.DelegatingMethodAccessorImpl.invoke(DelegatingMethodAccessorImpl.java:43)
at java.lang.reflect.Method.invoke(Method.java:498)
at org.testng.internal.MethodInvocationHelper.invokeMethod(MethodInvocationHelper.java:133)
at org.testng.internal.TestInvoker.invokeMethod(TestInvoker.java:598)
at org.testng.internal.TestInvoker.invokeTestMethod(TestInvoker.java:173)
at org.testng.internal.MethodRunner.runInSequence(MethodRunner.java:46)
at org.testng.internal.TestInvoker$MethodInvocationAgent.invoke(TestInvoker.java:824)
at org.testng.internal.TestInvoker.invokeTestMethods(TestInvoker.java:146)
at org.testng.internal.TestMethodWorker.invokeTestMethods(TestMethodWorker.java:146)
at org.testng.internal.TestMethodWorker.run(TestMethodWorker.java:128)
at java.util.ArrayList.forEach(ArrayList.java:1259)
at org.testng.TestRunner.privateRun(TestRunner.java:794)
at org.testng.TestRunner.run(TestRunner.java:596)
at org.testng.SuiteRunner.runTest(SuiteRunner.java:377)
at org.testng.SuiteRunner.runSequentially(SuiteRunner.java:371)
at org.testng.SuiteRunner.privateRun(SuiteRunner.java:332)
at org.testng.SuiteRunner.run(SuiteRunner.java:276)
at org.testng.SuiteRunnerWorker.runSuite(SuiteRunnerWorker.java:53)
at org.testng.SuiteRunnerWorker.run(SuiteRunnerWorker.java:96)
at org.testng.TestNG.runSuitesSequentially(TestNG.java:1212)
at org.testng.TestNG.runSuitesLocally(TestNG.java:1134)
at org.testng.TestNG.runSuites(TestNG.java:1063)
at org.testng.TestNG.run(TestNG.java:1031)
at org.apache.maven.surefire.testng.TestNGExecutor.run(TestNGExecutor.java:132)
at org.apache.maven.surefire.testng.TestNGDirectoryTestSuite.executeMulti(TestNGDirectoryTestSuite.java:193)
at org.apache.maven.surefire.testng.TestNGDirectoryTestSuite.execute(TestNGDirectoryTestSuite.java:94)
at org.apache.maven.surefire.testng.TestNGProvider.invoke(TestNGProvider.java:147)
at org.apache.maven.surefire.booter.ForkedBooter.invokeProviderInSameClassLoader(ForkedBooter.java:290)
at org.apache.maven.surefire.booter.ForkedBooter.runSuitesInProcess(ForkedBooter.java:242)
at org.apache.maven.surefire.booter.ForkedBooter.main(ForkedBooter.java:121)
]]>
            </full-stacktrace>
          </exception> <!-- org.openqa.selenium.NoSuchElementException -->
          <reporter-output>
          </reporter-output>
        </test-method> <!-- verifyUserCanSignUpToMailingList -->
        <test-method status="PASS" signature="tearDown()[pri:0, instance:com.fbistech.testcases.HomePageTest@3b088d51]" name="tearDown" is-config="true" duration-ms="5094" started-at="2021-11-08T10:53:49 WAT" finished-at="2021-11-08T10:53:54 WAT">
          <reporter-output>
          </reporter-output>
        </test-method> <!-- tearDown -->
        <test-method status="PASS" signature="setUp()[pri:0, instance:com.fbistech.testcases.HomePageTest@3b088d51]" name="setUp" is-config="true" duration-ms="10820" started-at="2021-11-08T10:53:54 WAT" finished-at="2021-11-08T10:54:05 WAT">
          <reporter-output>
          </reporter-output>
        </test-method> <!-- setUp -->
        <test-method status="FAIL" signature="verifyUserCannotSignUpToMailingListWithEmail_WithOutDotCom()[pri:20, instance:com.fbistech.testcases.HomePageTest@3b088d51]" name="verifyUserCannotSignUpToMailingListWithEmail_WithOutDotCom" duration-ms="21213" started-at="2021-11-08T10:54:05 WAT" finished-at="2021-11-08T10:54:26 WAT">
          <exception class="org.openqa.selenium.NoSuchElementException">
            <message>
              <![CDATA[no such element: Unable to locate element: {"method":"xpath","selector":"//li[@class='chakra-toast']//div[@class='chakra-alert__desc css-2xkhb3'][normalize-space()='The email must be a valid email address.']"}
  (Session info: chrome=95.0.4638.69)
For documentation on this error, please visit: https://www.seleniumhq.org/exceptions/no_such_element.html
Build info: version: '3.141.59', revision: 'e82be7d358', time: '2018-11-14T08:17:03'
System info: host: 'Josephs-MacBoo.local', ip: 'fd00:0:0:1:78f3:817:ce4d:13ab%en0', os.name: 'Mac OS X', os.arch: 'x86_64', os.version: '10.15.7', java.version: '1.8.0_301'
Driver info: org.openqa.selenium.chrome.ChromeDriver
Capabilities {acceptInsecureCerts: false, browserName: chrome, browserVersion: 95.0.4638.69, chrome: {chromedriverVersion: 95.0.4638.54 (d31a821ec901f..., userDataDir: /var/folders/j4/j04gn4bj1dl...}, goog:chromeOptions: {debuggerAddress: localhost:60492}, javascriptEnabled: true, networkConnectionEnabled: false, pageLoadStrategy: normal, platform: MAC, platformName: MAC, proxy: Proxy(), setWindowRect: true, strictFileInteractability: false, timeouts: {implicit: 0, pageLoad: 300000, script: 30000}, unhandledPromptBehavior: dismiss and notify, webauthn:extension:credBlob: true, webauthn:extension:largeBlob: true, webauthn:virtualAuthenticators: true}
Session ID: 6dd3b6f1e63fbc213a48f3565e8476b9
*** Element info: {Using=xpath, value=//li[@class='chakra-toast']//div[@class='chakra-alert__desc css-2xkhb3'][normalize-space()='The email must be a valid email address.']}]]>
            </message>
            <full-stacktrace>
              <![CDATA[org.openqa.selenium.NoSuchElementException: no such element: Unable to locate element: {"method":"xpath","selector":"//li[@class='chakra-toast']//div[@class='chakra-alert__desc css-2xkhb3'][normalize-space()='The email must be a valid email address.']"}
  (Session info: chrome=95.0.4638.69)
For documentation on this error, please visit: https://www.seleniumhq.org/exceptions/no_such_element.html
Build info: version: '3.141.59', revision: 'e82be7d358', time: '2018-11-14T08:17:03'
System info: host: 'Josephs-MacBoo.local', ip: 'fd00:0:0:1:78f3:817:ce4d:13ab%en0', os.name: 'Mac OS X', os.arch: 'x86_64', os.version: '10.15.7', java.version: '1.8.0_301'
Driver info: org.openqa.selenium.chrome.ChromeDriver
Capabilities {acceptInsecureCerts: false, browserName: chrome, browserVersion: 95.0.4638.69, chrome: {chromedriverVersion: 95.0.4638.54 (d31a821ec901f..., userDataDir: /var/folders/j4/j04gn4bj1dl...}, goog:chromeOptions: {debuggerAddress: localhost:60492}, javascriptEnabled: true, networkConnectionEnabled: false, pageLoadStrategy: normal, platform: MAC, platformName: MAC, proxy: Proxy(), setWindowRect: true, strictFileInteractability: false, timeouts: {implicit: 0, pageLoad: 300000, script: 30000}, unhandledPromptBehavior: dismiss and notify, webauthn:extension:credBlob: true, webauthn:extension:largeBlob: true, webauthn:virtualAuthenticators: true}
Session ID: 6dd3b6f1e63fbc213a48f3565e8476b9
*** Element info: {Using=xpath, value=//li[@class='chakra-toast']//div[@class='chakra-alert__desc css-2xkhb3'][normalize-space()='The email must be a valid email address.']}
at sun.reflect.GeneratedConstructorAccessor25.newInstance(Unknown Source)
at sun.reflect.DelegatingConstructorAccessorImpl.newInstance(DelegatingConstructorAccessorImpl.java:45)
at java.lang.reflect.Constructor.newInstance(Constructor.java:423)
at org.openqa.selenium.remote.http.W3CHttpResponseCodec.createException(W3CHttpResponseCodec.java:187)
at org.openqa.selenium.remote.http.W3CHttpResponseCodec.decode(W3CHttpResponseCodec.java:122)
at org.openqa.selenium.remote.http.W3CHttpResponseCodec.decode(W3CHttpResponseCodec.java:49)
at org.openqa.selenium.remote.HttpCommandExecutor.execute(HttpCommandExecutor.java:158)
at org.openqa.selenium.remote.service.DriverCommandExecutor.execute(DriverCommandExecutor.java:83)
at org.openqa.selenium.remote.RemoteWebDriver.execute(RemoteWebDriver.java:552)
at org.openqa.selenium.remote.RemoteWebDriver.findElement(RemoteWebDriver.java:323)
at org.openqa.selenium.remote.RemoteWebDriver.findElementByXPath(RemoteWebDriver.java:428)
at org.openqa.selenium.By$ByXPath.findElement(By.java:353)
at org.openqa.selenium.remote.RemoteWebDriver.findElement(RemoteWebDriver.java:315)
at sun.reflect.GeneratedMethodAccessor3.invoke(Unknown Source)
at sun.reflect.DelegatingMethodAccessorImpl.invoke(DelegatingMethodAccessorImpl.java:43)
at java.lang.reflect.Method.invoke(Method.java:498)
at org.openqa.selenium.support.events.EventFiringWebDriver.lambda$new$1(EventFiringWebDriver.java:105)
at com.sun.proxy.$Proxy6.findElement(Unknown Source)
at org.openqa.selenium.support.events.EventFiringWebDriver.findElement(EventFiringWebDriver.java:194)
at org.openqa.selenium.support.pagefactory.DefaultElementLocator.findElement(DefaultElementLocator.java:69)
at org.openqa.selenium.support.pagefactory.internal.LocatingElementHandler.invoke(LocatingElementHandler.java:38)
at com.sun.proxy.$Proxy11.getText(Unknown Source)
at com.fbistech.pages.HomePage.validateSignUpToMailingListInvalidEmailErrorPrompt(HomePage.java:572)
[...]
          <reporter-output>
          </reporter-output>
        </test-method> <!-- setUp -->
        <test-method status="FAIL" signature="verify_InvalidEmailAddress_IsPromptedWhenUserAttemptedToSignUpToMailingListWithInvalidEmail()[pri:16, instance:com.fbistech.testcases.ContactUsPageTest@167fdd33]" name="verify_InvalidEmailAddress_IsPromptedWhenUserAttemptedToSignUpToMailingListWithInvalidEmail" duration-ms="32405" started-at="2021-11-08T10:29:25 WAT" finished-at="2021-11-08T10:29:58 WAT">
          <exception class="org.openqa.selenium.NoSuchElementException">
            <message>
              <![CDATA[no such element: Unable to locate element: {"method":"xpath","selector":"//li[@class='chakra-toast']//div[@class='chakra-alert__desc css-2xkhb3'][normalize-space()='The email must be a valid email address.']"}
  (Session info: chrome=95.0.4638.69)
For documentation on this error, please visit: https://www.seleniumhq.org/exceptions/no_such_element.html
Build info: version: '3.141.59', revision: 'e82be7d358', time: '2018-11-14T08:17:03'
System info: host: 'Josephs-MacBoo.local', ip: 'fd00:0:0:1:78f3:817:ce4d:13ab%en0', os.name: 'Mac OS X', os.arch: 'x86_64', os.version: '10.15.7', java.version: '1.8.0_301'
Driver info: org.openqa.selenium.chrome.ChromeDriver
Capabilities {acceptInsecureCerts: false, browserName: chrome, browserVersion: 95.0.4638.69, chrome: {chromedriverVersion: 95.0.4638.54 (d31a821ec901f..., userDataDir: /var/folders/j4/j04gn4bj1dl...}, goog:chromeOptions: {debuggerAddress: localhost:59008}, javascriptEnabled: true, networkConnectionEnabled: false, pageLoadStrategy: normal, platform: MAC, platformName: MAC, proxy: Proxy(), setWindowRect: true, strictFileInteractability: false, timeouts: {implicit: 0, pageLoad: 300000, script: 30000}, unhandledPromptBehavior: dismiss and notify, webauthn:extension:credBlob: true, webauthn:extension:largeBlob: true, webauthn:virtualAuthenticators: true}
Session ID: 0d7b4c273fc5220b403407136a0579fb
*** Element info: {Using=xpath, value=//li[@class='chakra-toast']//div[@class='chakra-alert__desc css-2xkhb3'][normalize-space()='The email must be a valid email address.']}]]>
            </message>
            <full-stacktrace>
              <![CDATA[org.openqa.selenium.NoSuchElementException: no such element: Unable to locate element: {"method":"xpath","selector":"//li[@class='chakra-toast']//div[@class='chakra-alert__desc css-2xkhb3'][normalize-space()='The email must be a valid email address.']"}
  (Session info: chrome=95.0.4638.69)
For documentation on this error, please visit: https://www.seleniumhq.org/exceptions/no_such_element.html
Build info: version: '3.141.59', revision: 'e82be7d358', time: '2018-11-14T08:17:03'
System info: host: 'Josephs-MacBoo.local', ip: 'fd00:0:0:1:78f3:817:ce4d:13ab%en0', os.name: 'Mac OS X', os.arch: 'x86_64', os.version: '10.15.7', java.version: '1.8.0_301'
Driver info: org.openqa.selenium.chrome.ChromeDriver
Capabilities {acceptInsecureCerts: false, browserName: chrome, browserVersion: 95.0.4638.69, chrome: {chromedriverVersion: 95.0.4638.54 (d31a821ec901f..., userDataDir: /var/folders/j4/j04gn4bj1dl...}, goog:chromeOptions: {debuggerAddress: localhost:59008}, javascriptEnabled: true, networkConnectionEnabled: false, pageLoadStrategy: normal, platform: MAC, platformName: MAC, proxy: Proxy(), setWindowRect: true, strictFileInteractability: false, timeouts: {implicit: 0, pageLoad: 300000, script: 30000}, unhandledPromptBehavior: dismiss and notify, webauthn:extension:credBlob: true, webauthn:extension:largeBlob: true, webauthn:virtualAuthenticators: true}
Session ID: 0d7b4c273fc5220b403407136a0579fb
*** Element info: {Using=xpath, value=//li[@class='chakra-toast']//div[@class='chakra-alert__desc css-2xkhb3'][normalize-space()='The email must be a valid email address.']}
at sun.reflect.NativeConstructorAccessorImpl.newInstance0(Native Method)
at sun.reflect.NativeConstructorAccessorImpl.newInstance(NativeConstructorAccessorImpl.java:62)
at sun.reflect.DelegatingConstructorAccessorImpl.newInstance(DelegatingConstructorAccessorImpl.java:45)
at java.lang.reflect.Constructor.newInstance(Constructor.java:423)
at org.openqa.selenium.remote.http.W3CHttpResponseCodec.createException(W3CHttpResponseCodec.java:187)
at org.openqa.selenium.remote.http.W3CHttpResponseCodec.decode(W3CHttpResponseCodec.java:122)
at org.openqa.selenium.remote.http.W3CHttpResponseCodec.decode(W3CHttpResponseCodec.java:49)
at org.openqa.selenium.remote.HttpCommandExecutor.execute(HttpCommandExecutor.java:158)
at org.openqa.selenium.remote.service.DriverCommandExecutor.execute(DriverCommandExecutor.java:83)
at org.openqa.selenium.remote.RemoteWebDriver.execute(RemoteWebDriver.java:552)
at org.openqa.selenium.remote.RemoteWebDriver.findElement(RemoteWebDriver.java:323)
at org.openqa.selenium.remote.RemoteWebDriver.findElementByXPath(RemoteWebDriver.java:428)
at org.openqa.selenium.By$ByXPath.findElement(By.java:353)
at org.openqa.selenium.remote.RemoteWebDriver.findElement(RemoteWebDriver.java:315)
at sun.reflect.GeneratedMethodAccessor3.invoke(Unknown Source)
at sun.reflect.DelegatingMethodAccessorImpl.invoke(DelegatingMethodAccessorImpl.java:43)
at java.lang.reflect.Method.invoke(Method.java:498)
at org.openqa.selenium.support.events.EventFiringWebDriver.lambda$new$1(EventFiringWebDriver.java:105)
at com.sun.proxy.$Proxy6.findElement(Unknown Source)
at org.openqa.selenium.support.events.EventFiringWebDriver.findElement(EventFiringWebDriver.java:194)
at org.openqa.selenium.support.pagefactory.DefaultElementLocator.findElement(DefaultElementLocator.java:69)
at org.openqa.selenium.support.pagefactory.internal.LocatingElementHandler.invoke(LocatingElementHandler.java:38)
at com.sun.proxy.$Proxy11.getText(Unknown Source)
at com.fbistech.pages.ContactUsPage.validateSignUpToMailingListInvalidEmailErrorPrompt(ContactUsPage.java:581)
at com.fbistech.testcases.ContactUsPageTest.verify_InvalidEmailAddress_IsPromptedWhenUserAttemptedToSignUpToMailingListWithInvalidEmail(ContactUsPageTest.java:545)
at sun.reflect.NativeMethodAccessorImpl.invoke0(Native Method)
at sun.reflect.NativeMethodAccessorImpl.invoke(NativeMethodAccessorImpl.java:62)
at sun.reflect.DelegatingMethodAccessorImpl.invoke(DelegatingMethodAccessorImpl.java:43)
at java.lang.reflect.Method.invoke(Method.java:498)
at org.testng.internal.MethodInvocationHelper.invokeMethod(MethodInvocationHelper.java:133)
at org.testng.internal.TestInvoker.invokeMethod(TestInvoker.java:598)
at org.testng.internal.TestInvoker.invokeTestMethod(TestInvoker.java:173)
at org.testng.internal.MethodRunner.runInSequence(MethodRunner.java:46)
at org.testng.internal.TestInvoker$MethodInvocationAgent.invoke(TestInvoker.java:824)
at org.testng.internal.TestInvoker.invokeTestMethods(TestInvoker.java:146)
at org.testng.internal.TestMethodWorker.invokeTestMethods(TestMethodWorker.java:146)
at org.testng.internal.TestMethodWorker.run(TestMethodWorker.java:128)
at java.util.ArrayList.forEach(ArrayList.java:1259)
at org.testng.TestRunner.privateRun(TestRunner.java:794)
at org.testng.TestRunner.run(TestRunner.java:596)
at org.testng.SuiteRunner.runTest(SuiteRunner.java:377)
at org.testng.SuiteRunner.runSequentially(SuiteRunner.java:371)
at org.testng.SuiteRunner.privateRun(SuiteRunner.java:332)
at org.testng.SuiteRunner.run(SuiteRunner.java:276)
at org.testng.SuiteRunnerWorker.runSuite(SuiteRunnerWorker.java:53)
at org.testng.SuiteRunnerWorker.run(SuiteRunnerWorker.java:96)
at org.testng.TestNG.runSuitesSequentially(TestNG.java:1212)
at org.testng.TestNG.runSuitesLocally(TestNG.java:1134)
at org.testng.TestNG.runSuites(TestNG.java:1063)
at org.testng.TestNG.run(TestNG.java:1031)
at org.apache.maven.surefire.testng.TestNGExecutor.run(TestNGExecutor.java:132)
at org.apache.maven.surefire.testng.TestNGDirectoryTestSuite.executeMulti(TestNGDirectoryTestSuite.java:193)
at org.apache.maven.surefire.testng.TestNGDirectoryTestSuite.execute(TestNGDirectoryTestSuite.java:94)
at org.apache.maven.surefire.testng.TestNGProvider.invoke(TestNGProvider.java:147)
at org.apache.maven.surefire.booter.ForkedBooter.invokeProviderInSameClassLoader(ForkedBooter.java:290)
at org.apache.maven.surefire.booter.ForkedBooter.runSuitesInProcess(ForkedBooter.java:242)
at org.apache.maven.surefire.booter.ForkedBooter.main(ForkedBooter.java:121)
]]>
            </full-stacktrace>
          </exception> <!-- org.openqa.selenium.NoSuchElementException -->
          <reporter-output>
          </reporter-output>
        </test-method> <!-- verify_InvalidEmailAddress_IsPromptedWhenUserAttemptedToSignUpToMailingListWithInvalidEmail -->
        <test-method status="PASS" signature="tearDown()[pri:0, instance:com.fbistech.testcases.ContactUsPageTest@167fdd33]" name="tearDown" is-config="true" duration-ms="6148" started-at="2021-11-08T10:29:58 WAT" finished-at="2021-11-08T10:30:04 WAT">
          <reporter-output>
          </reporter-output>
        </test-method> <!-- tearDown -->
        <test-method status="PASS" signature="setUp()[pri:0, instance:com.fbistech.testcases.ContactUsPageTest@167fdd33]" name="setUp" is-config="true" duration-ms="6969" started-at="2021-11-08T10:30:04 WAT" finished-at="2021-11-08T10:30:11 WAT">
          <reporter-output>
          </reporter-output>
        </test-method> <!-- setUp -->
        <test-method status="PASS" signature="verifyUserCanClickOnGooglePlayLink()[pri:17, instance:com.fbistech.testcases.ContactUsPageTest@167fdd33]" name="verifyUserCanClickOnGooglePlayLink" duration-ms="21636" started-at="2021-11-08T10:30:11 WAT" finished-at="2021-11-08T10:30:33 WAT">
          <reporter-output>
          </reporter-output>
        </test-method> <!-- verifyUserCanClickOnGooglePlayLink -->
        <test-method status="PASS" signature="tearDown()[pri:0, instance:com.fbistech.testcases.ContactUsPageTest@167fdd33]" name="tearDown" is-config="true" duration-ms="6141" started-at="2021-11-08T10:30:33 WAT" finished-at="2021-11-08T10:30:39 WAT">
          <reporter-output>
          </reporter-output>
        </test-method> <!-- tearDown -->
        <test-method status="PASS" signature="setUp()[pri:0, instance:com.fbistech.testcases.ContactUsPageTest@167fdd33]" name="setUp" is-config="true" duration-ms="18012" started-at="2021-11-08T10:30:39 WAT" finished-at="2021-11-08T10:30:57 WAT">
          <reporter-output>
          </reporter-output>
        </test-method> <!-- setUp -->
        <test-method status="FAIL" signature="verifyUserCanInstallBeamsityApp()[pri:18, instance:com.fbistech.testcases.ContactUsPageTest@167fdd33]" name="verifyUserCanInstallBeamsityApp" duration-ms="32229" started-at="2021-11-08T10:30:57 WAT" finished-at="2021-11-08T10:31:29 WAT">
          <exception class="org.openqa.selenium.NoSuchElementException">
            <message>
              <![CDATA[no such element: Unable to locate element: {"method":"xpath","selector":"//button[contains(text(),'Installed')]"}
  (Session info: chrome=95.0.4638.69)
For documentation on this error, please visit: https://www.seleniumhq.org/exceptions/no_such_element.html
Build info: version: '3.141.59', revision: 'e82be7d358', time: '2018-11-14T08:17:03'
System info: host: 'Josephs-MacBoo.local', ip: 'fd00:0:0:1:78f3:817:ce4d:13ab%en0', os.name: 'Mac OS X', os.arch: 'x86_64', os.version: '10.15.7', java.version: '1.8.0_301'
Driver info: org.openqa.selenium.chrome.ChromeDriver
Capabilities {acceptInsecureCerts: false, browserName: chrome, browserVersion: 95.0.4638.69, chrome: {chromedriverVersion: 95.0.4638.54 (d31a821ec901f..., userDataDir: /var/folders/j4/j04gn4bj1dl...}, goog:chromeOptions: {debuggerAddress: localhost:59087}, javascriptEnabled: true, networkConnectionEnabled: false, pageLoadStrategy: normal, platform: MAC, platformName: MAC, proxy: Proxy(), setWindowRect: true, strictFileInteractability: false, timeouts: {implicit: 0, pageLoad: 300000, script: 30000}, unhandledPromptBehavior: dismiss and notify, webauthn:extension:credBlob: true, webauthn:extension:largeBlob: true, webauthn:virtualAuthenticators: true}
Session ID: 0d25c7509fe7cbc418bac4504eab95ad
*** Element info: {Using=xpath, value=//button[contains(text(),'Installed')]}]]>
            </message>
            <full-stacktrace>
              <![CDATA[org.openqa.selenium.NoSuchElementException: no such element: Unable to locate element: {"method":"xpath","selector":"//button[contains(text(),'Installed')]"}
  (Session info: chrome=95.0.4638.69)
For documentation on this error, please visit: https://www.seleniumhq.org/exceptions/no_such_element.html
Build info: version: '3.141.59', revision: 'e82be7d358', time: '2018-11-14T08:17:03'
System info: host: 'Josephs-MacBoo.local', ip: 'fd00:0:0:1:78f3:817:ce4d:13ab%en0', os.name: 'Mac OS X', os.arch: 'x86_64', os.version: '10.15.7', java.version: '1.8.0_301'
Driver info: org.openqa.selenium.chrome.ChromeDriver
Capabilities {acceptInsecureCerts: false, browserName: chrome, browserVersion: 95.0.4638.69, chrome: {chromedriverVersion: 95.0.4638.54 (d31a821ec901f..., userDataDir: /var/folders/j4/j04gn4bj1dl...}, goog:chromeOptions: {debuggerAddress: localhost:59087}, javascriptEnabled: true, networkConnectionEnabled: false, pageLoadStrategy: normal, platform: MAC, platformName: MAC, proxy: Proxy(), setWindowRect: true, strictFileInteractability: false, timeouts: {implicit: 0, pageLoad: 300000, script: 30000}, unhandledPromptBehavior: dismiss and notify, webauthn:extension:credBlob: true, webauthn:extension:largeBlob: true, webauthn:virtualAuthenticators: true}
Session ID: 0d25c7509fe7cbc418bac4504eab95ad
*** Element info: {Using=xpath, value=//button[contains(text(),'Installed')]}
at sun.reflect.NativeConstructorAccessorImpl.newInstance0(Native Method)
at sun.reflect.NativeConstructorAccessorImpl.newInstance(NativeConstructorAccessorImpl.java:62)
at sun.reflect.DelegatingConstructorAccessorImpl.newInstance(DelegatingConstructorAccessorImpl.java:45)
at java.lang.reflect.Constructor.newInstance(Constructor.java:423)
at org.openqa.selenium.remote.http.W3CHttpResponseCodec.createException(W3CHttpResponseCodec.java:187)
at org.openqa.selenium.remote.http.W3CHttpResponseCodec.decode(W3CHttpResponseCodec.java:122)
at org.openqa.selenium.remote.http.W3CHttpResponseCodec.decode(W3CHttpResponseCodec.java:49)
at org.openqa.selenium.remote.HttpCommandExecutor.execute(HttpCommandExecutor.java:158)
at org.openqa.selenium.remote.service.DriverCommandExecutor.execute(DriverCommandExecutor.java:83)
at org.openqa.selenium.remote.RemoteWebDriver.execute(RemoteWebDriver.java:552)
at org.openqa.selenium.remote.RemoteWebDriver.findElement(RemoteWebDriver.java:323)
at org.openqa.selenium.remote.RemoteWebDriver.findElementByXPath(RemoteWebDriver.java:428)
at org.openqa.selenium.By$ByXPath.findElement(By.java:353)
at org.openqa.selenium.remote.RemoteWebDriver.findElement(RemoteWebDriver.java:315)
at sun.reflect.GeneratedMethodAccessor3.invoke(Unknown Source)
at sun.reflect.DelegatingMethodAccessorImpl.invoke(DelegatingMethodAccessorImpl.java:43)
at java.lang.reflect.Method.invoke(Method.java:498)
at org.openqa.selenium.support.events.EventFiringWebDriver.lambda$new$1(EventFiringWebDriver.java:105)
at com.sun.proxy.$Proxy6.findElement(Unknown Source)
at org.openqa.selenium.support.events.EventFiringWebDriver.findElement(EventFiringWebDriver.java:194)
at org.openqa.selenium.support.pagefactory.DefaultElementLocator.findElement(DefaultElementLocator.java:69)
at org.openqa.selenium.support.pagefactory.internal.LocatingElementHandler.invoke(LocatingElementHandler.java:38)
at com.sun.proxy.$Proxy11.click(Unknown Source)
at com.fbistech.pages.ContactUsPage.validateUserInstallBeamsityApp(ContactUsPage.java:635)
at com.fbistech.testcases.ContactUsPageTest.verifyUserCanInstallBeamsityApp(ContactUsPageTest.java:607)
at sun.reflect.NativeMethodAccessorImpl.invoke0(Native Method)
at sun.reflect.NativeMethodAccessorImpl.invoke(NativeMethodAccessorImpl.java:62)
at sun.reflect.DelegatingMethodAccessorImpl.invoke(DelegatingMethodAccessorImpl.java:43)
at java.lang.reflect.Method.invoke(Method.java:498)
at org.testng.internal.MethodInvocationHelper.invokeMethod(MethodInvocationHelper.java:133)
at org.testng.internal.TestInvoker.invokeMethod(TestInvoker.java:598)
at org.testng.internal.TestInvoker.invokeTestMethod(TestInvoker.java:173)
at org.testng.internal.MethodRunner.runInSequence(MethodRunner.java:46)
at org.testng.internal.TestInvoker$MethodInvocationAgent.invoke(TestInvoker.java:824)
at org.testng.internal.TestInvoker.invokeTestMethods(TestInvoker.java:146)
at org.testng.internal.TestMethodWorker.invokeTestMethods(TestMethodWorker.java:146)
at org.testng.internal.TestMethodWorker.run(TestMethodWorker.java:128)
at java.util.ArrayList.forEach(ArrayList.java:1259)
at org.testng.TestRunner.privateRun(TestRunner.java:794)
at org.testng.TestRunner.run(TestRunner.java:596)
at org.testng.SuiteRunner.runTest(SuiteRunner.java:377)
at org.testng.SuiteRunner.runSequentially(SuiteRunner.java:371)
at org.testng.SuiteRunner.privateRun(SuiteRunner.java:332)
at org.testng.SuiteRunner.run(SuiteRunner.java:276)
at org.testng.SuiteRunnerWorker.runSuite(SuiteRunnerWorker.java:53)
at org.testng.SuiteRunnerWorker.run(SuiteRunnerWorker.java:96)
at org.testng.TestNG.runSuitesSequentially(TestNG.java:1212)
at org.testng.TestNG.runSuitesLocally(TestNG.java:1134)
at org.testng.TestNG.runSuites(TestNG.java:1063)
at org.testng.TestNG.run(TestNG.java:1031)
at org.apache.maven.surefire.testng.TestNGExecutor.run(TestNGExecutor.java:132)
at org.apache.maven.surefire.testng.TestNGDirectoryTestSuite.executeMulti(TestNGDirectoryTestSuite.java:193)
at org.apache.maven.surefire.testng.TestNGDirectoryTestSuite.execute(TestNGDirectoryTestSuite.java:94)
at org.apache.maven.surefire.testng.TestNGProvider.invoke(TestNGProvider.java:147)
at org.apache.maven.surefire.booter.ForkedBooter.invokeProviderInSameClassLoader(ForkedBooter.java:290)
at org.apache.maven.surefire.booter.ForkedBooter.runSuitesInProcess(ForkedBooter.java:242)
at org.apache.maven.surefire.booter.ForkedBooter.main(ForkedBooter.java:121)
]]>
            </full-stacktrace>
          </exception> <!-- org.openqa.selenium.NoSuchElementException -->
          <reporter-output>
          </reporter-output>
        </test-method> <!-- verifyUserCanInstallBeamsityApp -->
        <test-method status="PASS" signature="tearDown()[pri:0, instance:com.fbistech.testcases.ContactUsPageTest@167fdd33]" name="tearDown" is-config="true" duration-ms="6132" started-at="2021-11-08T10:31:29 WAT" finished-at="2021-11-08T10:31:35 WAT">
          <reporter-output>
          </reporter-output>
        </test-method> <!-- tearDown -->
        <test-method status="PASS" signature="setUp()[pri:0, instance:com.fbistech.testcases.ContactUsPageTest@167fdd33]" name="setUp" is-config="true" duration-ms="8363" started-at="2021-11-08T10:31:35 WAT" finished-at="2021-11-08T10:31:44 WAT">
          <reporter-output>
          </reporter-output>
        </test-method> <!-- setUp -->
        <test-method status="PASS" signature="verifyUserCanClickOnContactUsEmail()[pri:19, instance:com.fbistech.testcases.ContactUsPageTest@167fdd33]" name="verifyUserCanClickOnContactUsEmail" duration-ms="13275" started-at="2021-11-08T10:31:44 WAT" finished-at="2021-11-08T10:31:57 WAT">
          <reporter-output>
          </reporter-output>
        </test-method> <!-- verifyUserCanClickOnContactUsEmail -->
        <test-method status="PASS" signature="tearDown()[pri:0, instance:com.fbistech.testcases.ContactUsPageTest@167fdd33]" name="tearDown" is-config="true" duration-ms="6100" started-at="2021-11-08T10:31:57 WAT" finished-at="2021-11-08T10:32:03 WAT">
          <reporter-output>
          </reporter-output>
        </test-method> <!-- tearDown -->
      </class> <!-- com.fbistech.testcases.ContactUsPageTest -->
    </test> <!-- Surefire test -->
  </suite> <!-- Surefire suite -->
</testng-results>
